#
# A fatal error has been detected by the Java Runtime Environment:
#
#  EXCEPTION_ACCESS_VIOLATION (0xc0000005) at pc=0x000000005601f977, pid=12452, tid=0x000000000000528c
#
# JRE version: Java(TM) SE Runtime Environment (8.0_221-b11) (build 1.8.0_221-b11)
# Java VM: Java HotSpot(TM) 64-Bit Server VM (25.221-b11 mixed mode windows-amd64 compressed oops)
# Problematic frame:
# V  [jvm.dll+0x13f977]
#
# Failed to write core dump. Minidumps are not enabled by default on client versions of Windows
#
# If you would like to submit a bug report, please visit:
#   http://bugreport.java.com/bugreport/crash.jsp
#

---------------  T H R E A D  ---------------

Current thread (0x000000001b3a1800):  JavaThread "HIDCommandExecutionQueue.executor pool-5-thread-1" daemon [_thread_in_vm, id=21132, stack(0x000000001d100000,0x000000001d200000)]

siginfo: ExceptionCode=0xc0000005, reading address 0x0000000000000000

Registers:
RAX=0x0000000000000000, RBX=0x000000001b3a1800, RCX=0x0000000000000180, RDX=0x000000001b2e2010
RSP=0x000000001d1fe5f0, RBP=0x0000000000000000, RSI=0x000000001b2e2010, RDI=0x0000000000000101
R8 =0x0000000000000000, R9 =0x00000000d6ed38b8, R10=0x000000000000002c, R11=0x00000000566f7940
R12=0x0000000000000000, R13=0x00000000d6687db8, R14=0x0000000000000000, R15=0x000000001b3a1800
RIP=0x000000005601f977, EFLAGS=0x0000000000010202

Top of Stack: (sp=0x000000001d1fe5f0)
0x000000001d1fe5f0:   0000fe047af309e0 000000001df70028
0x000000001d1fe600:   00000000000001d8 000000001df70028
0x000000001d1fe610:   00000000000001d8 0000000180001419
0x000000001d1fe620:   0000000000000e25 000000001d1fe760
0x000000001d1fe630:   000000001df70028 0000000000000e25
0x000000001d1fe640:   00000000d67b5348 000000018000132e
0x000000001d1fe650:   000000001df70028 000000001d1fe670
0x000000001d1fe660:   000000001d1fe6a0 0000000180002410
0x000000001d1fe670:   00000000d67b5348 00000001800012f8
0x000000001d1fe680:   000000001d1fe760 000000001d1fe768
0x000000001d1fe690:   000000001d1fe770 00000001800012f8
0x000000001d1fe6a0:   00000001800263e8 00000001800263e8
0x000000001d1fe6b0:   00000001800263a0 00000001800263e8
0x000000001d1fe6c0:   00000001800263e8 00000000000004f2
0x000000001d1fe6d0:   000000001b2e2018 000000001b312100
0x000000001d1fe6e0:   000000005603ad30 0000000180002410 

Instructions: (pc=0x000000005601f977)
0x000000005601f957:   00 00 00 30 74 08 48 8b cb e8 7b 47 10 00 c7 83
0x000000005601f967:   70 02 00 00 06 00 00 00 40 b7 01 48 85 f6 74 60
0x000000005601f977:   48 8b 4d 00 40 32 ff e8 ed 96 f2 ff 48 8b d0 48
0x000000005601f987:   85 c0 74 4c 40 38 3d af 6f 6d 00 4c 8b 06 74 16 


Register to memory mapping:

RAX=0x0000000000000000 is an unknown value
RBX=0x000000001b3a1800 is a thread
RCX=0x0000000000000180 is an unknown value
RDX=0x000000001b2e2010 is an unknown value
RSP=0x000000001d1fe5f0 is pointing into the stack for thread: 0x000000001b3a1800
RBP=0x0000000000000000 is an unknown value
RSI=0x000000001b2e2010 is an unknown value
RDI=0x0000000000000101 is an unknown value
R8 =0x0000000000000000 is an unknown value
R9 =0x00000000d6ed38b8 is an oop
[Ljava.lang.Object; 
 - klass: 'java/lang/Object'[]
 - length: 5
R10=0x000000000000002c is an unknown value
R11=0x00000000566f7940 is an unknown value
R12=0x0000000000000000 is an unknown value
R13=0x00000000d6687db8 is an oop
java.lang.reflect.Method 
 - klass: 'java/lang/reflect/Method'
R14=0x0000000000000000 is an unknown value
R15=0x000000001b3a1800 is a thread


Stack: [0x000000001d100000,0x000000001d200000],  sp=0x000000001d1fe5f0,  free space=1017k
Native frames: (J=compiled Java code, j=interpreted, Vv=VM code, C=native code)

Java frames: (J=compiled Java code, j=interpreted, Vv=VM code)
J 873  com.sun.jna.Function.invokeInt(I[Ljava/lang/Object;)I (0 bytes) @ 0x00000000036564cf [0x0000000003656480+0x4f]
J 870 C1 com.sun.jna.Function.invoke([Ljava/lang/Object;Ljava/lang/Class;Z)Ljava/lang/Object; (1125 bytes) @ 0x0000000003642714 [0x0000000003642000+0x714]
J 963 C2 com.sun.jna.Function.invoke(Ljava/lang/Class;[Ljava/lang/Object;Ljava/util/Map;)Ljava/lang/Object; (526 bytes) @ 0x00000000036b7070 [0x00000000036b6240+0xe30]
J 869 C1 com.sun.jna.Library$Handler.invoke(Ljava/lang/Object;Ljava/lang/reflect/Method;[Ljava/lang/Object;)Ljava/lang/Object; (345 bytes) @ 0x000000000363ec94 [0x000000000363ca80+0x2214]
J 952 C1 com.sun.proxy.$Proxy2.WriteFile(Lcom/sun/jna/ptr/PointerByReference;[BILcom/sun/jna/ptr/IntByReference;Lcom/sun/jna/ptr/IntByReference;)Z (62 bytes) @ 0x00000000036a65fc [0x00000000036a5ce0+0x91c]
J 950 C1 edu.cmu.ri.createlab.usb.hid.windows.WindowsHIDDevice.write([B)Ledu/cmu/ri/createlab/usb/hid/HIDWriteStatus; (595 bytes) @ 0x000000000368dc0c [0x000000000368c1c0+0x1a4c]
J 949 C1 edu.cmu.ri.createlab.usb.hid.CreateLabHIDCommandStrategy.execute(Ledu/cmu/ri/createlab/usb/hid/HIDDevice;)Ledu/cmu/ri/createlab/usb/hid/HIDCommandResponse; (484 bytes) @ 0x000000000369b80c [0x000000000369b580+0x28c]
J 946 C1 edu.cmu.ri.createlab.usb.hid.HIDCommand.call()Ljava/lang/Object; (5 bytes) @ 0x0000000003699fbc [0x0000000003699d00+0x2bc]
J 908 C1 java.util.concurrent.FutureTask.run()V (126 bytes) @ 0x0000000003669f8c [0x0000000003669d40+0x24c]
j  java.util.concurrent.ThreadPoolExecutor.runWorker(Ljava/util/concurrent/ThreadPoolExecutor$Worker;)V+95
j  java.util.concurrent.ThreadPoolExecutor$Worker.run()V+5
j  java.lang.Thread.run()V+11
v  ~StubRoutines::call_stub

---------------  P R O C E S S  ---------------

Java Threads: ( => current thread )
  0x000000001a1fc000 JavaThread "AWT-Shutdown" [_thread_blocked, id=10948, stack(0x000000001f110000,0x000000001f210000)]
  0x000000001a1f9000 JavaThread "Thread-0" daemon [_thread_in_native, id=11776, stack(0x000000001d500000,0x000000001d600000)]
=>0x000000001b3a1800 JavaThread "HIDCommandExecutionQueue.executor pool-5-thread-1" daemon [_thread_in_vm, id=21132, stack(0x000000001d100000,0x000000001d200000)]
  0x000000001b3a0800 JavaThread "FinchController.peerPingScheduler pool-6-thread-1" daemon [_thread_blocked, id=8020, stack(0x000000001cee0000,0x000000001cfe0000)]
  0x000000001b2af800 JavaThread "BaseCreateLabDeviceConnectivityManager.executorService pool-1-thread-1" daemon [_thread_blocked, id=18092, stack(0x000000001c860000,0x000000001c960000)]
  0x000000001b2ab800 JavaThread "DatasetPlotter.executorService pool-4-thread-1" daemon [_thread_blocked, id=20532, stack(0x000000001c760000,0x000000001c860000)]
  0x000000001b2aa800 JavaThread "DatasetPlotter.executorService pool-3-thread-1" daemon [_thread_blocked, id=5460, stack(0x000000001c660000,0x000000001c760000)]
  0x000000001b2a9800 JavaThread "DatasetPlotter.executorService pool-2-thread-1" daemon [_thread_blocked, id=5520, stack(0x000000001c560000,0x000000001c660000)]
  0x000000001b22a800 JavaThread "Java2D Disposer" daemon [_thread_blocked, id=2036, stack(0x000000001b900000,0x000000001ba00000)]
  0x000000001a284800 JavaThread "Service Thread" daemon [_thread_blocked, id=1292, stack(0x000000001adc0000,0x000000001aec0000)]
  0x000000001a1fb800 JavaThread "C1 CompilerThread3" daemon [_thread_blocked, id=16260, stack(0x000000001acc0000,0x000000001adc0000)]
  0x000000001a1f4800 JavaThread "C2 CompilerThread2" daemon [_thread_blocked, id=14824, stack(0x000000001abc0000,0x000000001acc0000)]
  0x000000001a1ed000 JavaThread "C2 CompilerThread1" daemon [_thread_blocked, id=11660, stack(0x000000001aac0000,0x000000001abc0000)]
  0x000000001a1ea000 JavaThread "C2 CompilerThread0" daemon [_thread_blocked, id=13752, stack(0x000000001a9c0000,0x000000001aac0000)]
  0x000000001a1e8000 JavaThread "Attach Listener" daemon [_thread_blocked, id=18344, stack(0x000000001a8c0000,0x000000001a9c0000)]
  0x000000001a1e7000 JavaThread "Signal Dispatcher" daemon [_thread_blocked, id=20004, stack(0x000000001a7c0000,0x000000001a8c0000)]
  0x000000001a1e0800 JavaThread "Finalizer" daemon [_thread_blocked, id=10940, stack(0x000000001a5c0000,0x000000001a6c0000)]
  0x00000000182ed000 JavaThread "Reference Handler" daemon [_thread_blocked, id=12020, stack(0x000000001a0c0000,0x000000001a1c0000)]
  0x000000000190e000 JavaThread "main" [_thread_blocked, id=6360, stack(0x0000000003130000,0x0000000003230000)]

Other Threads:
  0x00000000182e8000 VMThread [stack: 0x0000000019fc0000,0x000000001a0c0000] [id=16284]
  0x000000001a2a8000 WatcherThread [stack: 0x000000001aec0000,0x000000001afc0000] [id=9196]

VM state:not at safepoint (normal execution)

VM Mutex/Monitor currently owned by a thread: None

heap address: 0x0000000081400000, size: 2028 MB, Compressed Oops mode: 32-bit
Narrow klass base: 0x0000000000000000, Narrow klass shift: 3
Compressed class space size: 1073741824 Address: 0x0000000100000000

Heap:
 PSYoungGen      total 38400K, used 21315K [0x00000000d5c00000, 0x00000000d8680000, 0x0000000100000000)
  eden space 33280K, 64% used [0x00000000d5c00000,0x00000000d70d0d40,0x00000000d7c80000)
  from space 5120K, 0% used [0x00000000d8180000,0x00000000d8180000,0x00000000d8680000)
  to   space 5120K, 0% used [0x00000000d7c80000,0x00000000d7c80000,0x00000000d8180000)
 ParOldGen       total 87552K, used 0K [0x0000000081400000, 0x0000000086980000, 0x00000000d5c00000)
  object space 87552K, 0% used [0x0000000081400000,0x0000000081400000,0x0000000086980000)
 Metaspace       used 14188K, capacity 14386K, committed 14720K, reserved 1062912K
  class space    used 1789K, capacity 1858K, committed 1920K, reserved 1048576K

Card table byte_map: [0x00000000126f0000,0x0000000012af0000] byte_map_base: 0x00000000122e6000

Marking Bits: (ParMarkBitMap*) 0x0000000056705ce0
 Begin Bits: [0x00000000135a0000, 0x0000000015550000)
 End Bits:   [0x0000000015550000, 0x0000000017500000)

Polling page: 0x0000000001390000

CodeCache: size=245760Kb used=3646Kb max_used=3657Kb free=242113Kb
 bounds [0x0000000003330000, 0x00000000036d0000, 0x0000000012330000]
 total_blobs=1502 nmethods=982 adapters=433
 compilation: enabled

Compilation events (10 events):
Event: 20.511 Thread 0x000000001a1ed000  978   !   4       java.util.concurrent.locks.AbstractQueuedSynchronizer::fullyRelease (54 bytes)
Event: 20.518 Thread 0x000000001a1ed000 nmethod 978 0x00000000036b0790 code [0x00000000036b08e0, 0x00000000036b0b08]
Event: 20.535 Thread 0x000000001a1ea000  979       4       java.util.concurrent.locks.AbstractQueuedSynchronizer$ConditionObject::addConditionWaiter (64 bytes)
Event: 20.537 Thread 0x000000001a1ea000 nmethod 979 0x00000000036bf250 code [0x00000000036bf3a0, 0x00000000036bf4b8]
Event: 20.583 Thread 0x000000001a1f4800  980       4       org.apache.log4j.Logger::trace (42 bytes)
Event: 20.588 Thread 0x000000001a1f4800 nmethod 980 0x00000000036bdc10 code [0x00000000036bdd60, 0x00000000036bde98]
Event: 22.431 Thread 0x000000001a1ed000  981       4       java.util.WeakHashMap::get (77 bytes)
Event: 22.437 Thread 0x000000001a1ed000 nmethod 981 0x00000000036c0710 code [0x00000000036c0860, 0x00000000036c0a78]
Event: 23.407 Thread 0x000000001a1ea000  982       4       com.sun.jna.Memory::boundsCheck (90 bytes)
Event: 23.408 Thread 0x000000001a1ea000 nmethod 982 0x00000000036c0450 code [0x00000000036c0580, 0x00000000036c0658]

GC Heap History (0 events):
No events

Deoptimization events (7 events):
Event: 0.599 Thread 0x000000000190e000 Uncommon trap: reason=unstable_if action=reinterpret pc=0x000000000346ac28 method=java.lang.String.startsWith(Ljava/lang/String;I)Z @ 25
Event: 1.291 Thread 0x000000000190e000 Uncommon trap: reason=unstable_if action=reinterpret pc=0x00000000034fa5b8 method=java.lang.String.<init>([CII)V @ 18
Event: 1.348 Thread 0x000000000190e000 Uncommon trap: reason=unstable_if action=reinterpret pc=0x000000000358713c method=java.util.HashMap.hash(Ljava/lang/Object;)I @ 1
Event: 2.373 Thread 0x000000001b42d800 Uncommon trap: reason=class_check action=maybe_recompile pc=0x00000000034e6f54 method=java.lang.String.equals(Ljava/lang/Object;)Z @ 8
Event: 2.373 Thread 0x000000001b42d800 Uncommon trap: reason=class_check action=maybe_recompile pc=0x00000000034e6f54 method=java.lang.String.equals(Ljava/lang/Object;)Z @ 8
Event: 2.373 Thread 0x000000001b42d800 Uncommon trap: reason=class_check action=maybe_recompile pc=0x00000000034e6f54 method=java.lang.String.equals(Ljava/lang/Object;)Z @ 8
Event: 15.711 Thread 0x000000001b3a1800 Uncommon trap: reason=null_check action=make_not_entrant pc=0x00000000036b4a88 method=com.sun.jna.Function.invoke(Ljava/lang/Class;[Ljava/lang/Object;Ljava/util/Map;)Ljava/lang/Object; @ 152

Classes redefined (0 events):
No events

Internal exceptions (10 events):
Event: 0.322 Thread 0x000000000190e000 Exception <a 'java/lang/ClassNotFoundException': org/apache/log4j/FileAppenderCustomizer> (0x00000000d5ef3658) thrown at [C:\re\workspace\8-2-build-windows-amd64-cygwin\jdk8u221\13320\hotspot\src\share\vm\classfile\systemDictionary.cpp, line 210]
Event: 0.336 Thread 0x000000000190e000 Exception <a 'java/lang/ClassNotFoundException': org/apache/log4j/PatternLayoutBeanInfo> (0x00000000d5f49990) thrown at [C:\re\workspace\8-2-build-windows-amd64-cygwin\jdk8u221\13320\hotspot\src\share\vm\classfile\systemDictionary.cpp, line 210]
Event: 0.337 Thread 0x000000000190e000 Exception <a 'java/lang/ClassNotFoundException': org/apache/log4j/LayoutBeanInfo> (0x00000000d5f4c980) thrown at [C:\re\workspace\8-2-build-windows-amd64-cygwin\jdk8u221\13320\hotspot\src\share\vm\classfile\systemDictionary.cpp, line 210]
Event: 0.337 Thread 0x000000000190e000 Exception <a 'java/lang/ClassNotFoundException': org/apache/log4j/LayoutCustomizer> (0x00000000d5f4f800) thrown at [C:\re\workspace\8-2-build-windows-amd64-cygwin\jdk8u221\13320\hotspot\src\share\vm\classfile\systemDictionary.cpp, line 210]
Event: 0.338 Thread 0x000000000190e000 Exception <a 'java/lang/ClassNotFoundException': org/apache/log4j/PatternLayoutCustomizer> (0x00000000d5f56ec0) thrown at [C:\re\workspace\8-2-build-windows-amd64-cygwin\jdk8u221\13320\hotspot\src\share\vm\classfile\systemDictionary.cpp, line 210]
Event: 0.412 Thread 0x000000000190e000 Exception <a 'java/io/FileNotFoundException'> (0x00000000d6030aa0) thrown at [C:\re\workspace\8-2-build-windows-amd64-cygwin\jdk8u221\13320\hotspot\src\share\vm\prims\jni.cpp, line 710]
Event: 0.461 Thread 0x000000000190e000 Exception <a 'java/lang/NoSuchFieldError': method resolution failed> (0x00000000d61025c0) thrown at [C:\re\workspace\8-2-build-windows-amd64-cygwin\jdk8u221\13320\hotspot\src\share\vm\prims\methodHandles.cpp, line 1167]
Event: 0.464 Thread 0x000000000190e000 Exception <a 'java/lang/NoSuchFieldError': method resolution failed> (0x00000000d610f8e0) thrown at [C:\re\workspace\8-2-build-windows-amd64-cygwin\jdk8u221\13320\hotspot\src\share\vm\prims\methodHandles.cpp, line 1167]
Event: 0.583 Thread 0x000000000190e000 Exception <a 'java/io/FileNotFoundException'> (0x00000000d629eb48) thrown at [C:\re\workspace\8-2-build-windows-amd64-cygwin\jdk8u221\13320\hotspot\src\share\vm\prims\jni.cpp, line 710]
Event: 1.348 Thread 0x000000000190e000 Implicit null exception at 0x0000000003586f55 to 0x000000000358712d

Events (10 events):
Event: 25.224 Thread 0x000000001a1f8800 Thread added: 0x000000001a1f8800
Event: 25.224 Thread 0x000000001a1f8800 Thread exited: 0x000000001a1f8800
Event: 25.224 Thread 0x000000001a1fc000 Thread added: 0x000000001a1fc000
Event: 25.226 loading class java/lang/ProcessBuilder
Event: 25.227 loading class java/lang/ProcessBuilder done
Event: 25.227 loading class java/lang/ProcessImpl
Event: 25.227 loading class java/lang/Process
Event: 25.227 loading class java/lang/Process done
Event: 25.227 loading class java/lang/ProcessImpl done
Event: 25.236 Thread 0x000000001a53f000 Thread exited: 0x000000001a53f000


Dynamic libraries:
0x00007ff656c00000 - 0x00007ff656c37000 	C:\Program Files\Java\jre1.8.0_221\bin\javaw.exe
0x00007ffd9bce0000 - 0x00007ffd9bed0000 	C:\WINDOWS\SYSTEM32\ntdll.dll
0x00007ffd9ad70000 - 0x00007ffd9ae22000 	C:\WINDOWS\System32\KERNEL32.DLL
0x00007ffd98c70000 - 0x00007ffd98f13000 	C:\WINDOWS\System32\KERNELBASE.dll
0x00007ffd9a220000 - 0x00007ffd9a2c3000 	C:\WINDOWS\System32\ADVAPI32.dll
0x00007ffd9a540000 - 0x00007ffd9a5de000 	C:\WINDOWS\System32\msvcrt.dll
0x00007ffd99f90000 - 0x00007ffd9a027000 	C:\WINDOWS\System32\sechost.dll
0x00007ffd9a030000 - 0x00007ffd9a150000 	C:\WINDOWS\System32\RPCRT4.dll
0x00007ffd9b210000 - 0x00007ffd9b3a4000 	C:\WINDOWS\System32\USER32.dll
0x00007ffd99070000 - 0x00007ffd99091000 	C:\WINDOWS\System32\win32u.dll
0x00007ffd9ad40000 - 0x00007ffd9ad66000 	C:\WINDOWS\System32\GDI32.dll
0x00007ffd991f0000 - 0x00007ffd99384000 	C:\WINDOWS\System32\gdi32full.dll
0x00007ffd99150000 - 0x00007ffd991ee000 	C:\WINDOWS\System32\msvcp_win.dll
0x00007ffd994e0000 - 0x00007ffd995da000 	C:\WINDOWS\System32\ucrtbase.dll
0x00007ffd85ee0000 - 0x00007ffd86165000 	C:\WINDOWS\WinSxS\amd64_microsoft.windows.common-controls_6595b64144ccf1df_6.0.18362.720_none_e6beb5c51314836b\COMCTL32.dll
0x00007ffd9aed0000 - 0x00007ffd9b206000 	C:\WINDOWS\System32\combase.dll
0x00007ffd98f80000 - 0x00007ffd99000000 	C:\WINDOWS\System32\bcryptPrimitives.dll
0x00007ffd9aea0000 - 0x00007ffd9aece000 	C:\WINDOWS\System32\IMM32.DLL
0x0000000055e00000 - 0x0000000055ed2000 	C:\Program Files\Java\jre1.8.0_221\bin\msvcr100.dll
0x0000000055ee0000 - 0x0000000056785000 	C:\Program Files\Java\jre1.8.0_221\bin\server\jvm.dll
0x00007ffd9a340000 - 0x00007ffd9a348000 	C:\WINDOWS\System32\PSAPI.DLL
0x00007ffd842a0000 - 0x00007ffd842a9000 	C:\WINDOWS\SYSTEM32\WSOCK32.dll
0x00007ffd90d00000 - 0x00007ffd90d0a000 	C:\WINDOWS\SYSTEM32\VERSION.dll
0x00007ffd961b0000 - 0x00007ffd961d4000 	C:\WINDOWS\SYSTEM32\WINMM.dll
0x00007ffd9a2d0000 - 0x00007ffd9a33f000 	C:\WINDOWS\System32\WS2_32.dll
0x00007ffd95960000 - 0x00007ffd9598d000 	C:\WINDOWS\SYSTEM32\winmmbase.dll
0x00007ffd99000000 - 0x00007ffd9904a000 	C:\WINDOWS\System32\cfgmgr32.dll
0x00007ffd8ade0000 - 0x00007ffd8adef000 	C:\Program Files\Java\jre1.8.0_221\bin\verify.dll
0x00007ffd8adb0000 - 0x00007ffd8add9000 	C:\Program Files\Java\jre1.8.0_221\bin\java.dll
0x00007ffd75910000 - 0x00007ffd75926000 	C:\Program Files\Java\jre1.8.0_221\bin\zip.dll
0x00007ffd9a5e0000 - 0x00007ffd9acc5000 	C:\WINDOWS\System32\SHELL32.dll
0x00007ffd9a170000 - 0x00007ffd9a219000 	C:\WINDOWS\System32\shcore.dll
0x00007ffd99610000 - 0x00007ffd99d90000 	C:\WINDOWS\System32\windows.storage.dll
0x00007ffd98bb0000 - 0x00007ffd98bd3000 	C:\WINDOWS\System32\profapi.dll
0x00007ffd98c20000 - 0x00007ffd98c6a000 	C:\WINDOWS\System32\powrprof.dll
0x00007ffd98ba0000 - 0x00007ffd98bb0000 	C:\WINDOWS\System32\UMPDC.dll
0x00007ffd9acd0000 - 0x00007ffd9ad22000 	C:\WINDOWS\System32\shlwapi.dll
0x00007ffd98be0000 - 0x00007ffd98bf1000 	C:\WINDOWS\System32\kernel.appcore.dll
0x00007ffd99050000 - 0x00007ffd99067000 	C:\WINDOWS\System32\cryptsp.dll
0x00007ffd77fe0000 - 0x00007ffd78179000 	C:\Program Files\Java\jre1.8.0_221\bin\awt.dll
0x00007ffd9b3b0000 - 0x00007ffd9b474000 	C:\WINDOWS\System32\OLEAUT32.dll
0x00007ffd96a60000 - 0x00007ffd96aef000 	C:\WINDOWS\SYSTEM32\apphelp.dll
0x00007ffd96e60000 - 0x00007ffd96ef9000 	C:\WINDOWS\system32\uxtheme.dll
0x00007ffd99e50000 - 0x00007ffd99f86000 	C:\WINDOWS\System32\MSCTF.dll
0x00007ffd9a3e0000 - 0x00007ffd9a537000 	C:\WINDOWS\System32\ole32.dll
0x00007ffd97010000 - 0x00007ffd9703d000 	C:\WINDOWS\system32\DWMAPI.DLL
0x00007ffd97f20000 - 0x00007ffd97f53000 	C:\WINDOWS\system32\rsaenh.dll
0x00007ffd995e0000 - 0x00007ffd99606000 	C:\WINDOWS\System32\bcrypt.dll
0x00007ffd98a90000 - 0x00007ffd98ab5000 	C:\WINDOWS\SYSTEM32\USERENV.dll
0x00007ffd985e0000 - 0x00007ffd985ec000 	C:\WINDOWS\SYSTEM32\CRYPTBASE.dll
0x00007ffd93b70000 - 0x00007ffd93b8a000 	C:\Program Files\Java\jre1.8.0_221\bin\net.dll
0x00007ffd867f0000 - 0x00007ffd869c5000 	C:\WINDOWS\SYSTEM32\urlmon.dll
0x00007ffd87260000 - 0x00007ffd87506000 	C:\WINDOWS\SYSTEM32\iertutil.dll
0x00007ffd98410000 - 0x00007ffd98477000 	C:\WINDOWS\system32\mswsock.dll
0x00007ffd98120000 - 0x00007ffd9815a000 	C:\WINDOWS\SYSTEM32\IPHLPAPI.DLL
0x00007ffd9a3d0000 - 0x00007ffd9a3d8000 	C:\WINDOWS\System32\NSI.dll
0x00007ffd973c0000 - 0x00007ffd973d6000 	C:\WINDOWS\SYSTEM32\dhcpcsvc6.DLL
0x00007ffd973a0000 - 0x00007ffd973bc000 	C:\WINDOWS\SYSTEM32\dhcpcsvc.DLL
0x00007ffd981c0000 - 0x00007ffd9828a000 	C:\WINDOWS\SYSTEM32\DNSAPI.dll
0x00007ffd93b50000 - 0x00007ffd93b62000 	C:\Program Files\Java\jre1.8.0_221\bin\nio.dll
0x0000000180000000 - 0x0000000180037000 	C:\Users\User\AppData\Local\Temp\jna8038366303371648385.dll
0x00007ffd977b0000 - 0x00007ffd977be000 	C:\WINDOWS\SYSTEM32\hid.dll
0x00007ffd9b830000 - 0x00007ffd9bca0000 	C:\WINDOWS\System32\setupapi.dll
0x00007ffd98800000 - 0x00007ffd9882a000 	C:\WINDOWS\System32\DEVOBJ.dll
0x00007ffd98f20000 - 0x00007ffd98f7c000 	C:\WINDOWS\System32\WINTRUST.dll
0x00007ffd98c00000 - 0x00007ffd98c12000 	C:\WINDOWS\System32\MSASN1.dll
0x00007ffd99390000 - 0x00007ffd994d9000 	C:\WINDOWS\System32\CRYPT32.dll
0x00007ffd6b550000 - 0x00007ffd6b599000 	C:\Program Files\Java\jre1.8.0_221\bin\fontmanager.dll
0x00007ffd6f060000 - 0x00007ffd6f1b6000 	C:\WINDOWS\system32\opengl32.dll
0x00007ffd81330000 - 0x00007ffd8135c000 	C:\WINDOWS\SYSTEM32\GLU32.dll
0x00007ffd97810000 - 0x00007ffd97830000 	C:\WINDOWS\SYSTEM32\dxcore.dll
0x00007ffd59bb0000 - 0x00007ffd59bf2000 	C:\Program Files\Java\jre1.8.0_221\bin\t2k.dll
0x00007ffd8b4e0000 - 0x00007ffd8b57e000 	C:\WINDOWS\System32\TextInputFramework.dll
0x00007ffd92cf0000 - 0x00007ffd9301a000 	C:\WINDOWS\System32\CoreUIComponents.dll
0x00007ffd96900000 - 0x00007ffd969d4000 	C:\WINDOWS\System32\CoreMessaging.dll
0x00007ffd97bd0000 - 0x00007ffd97c01000 	C:\WINDOWS\SYSTEM32\ntmarta.dll
0x00007ffd93cc0000 - 0x00007ffd93e13000 	C:\WINDOWS\SYSTEM32\wintypes.dll
0x00007ffd974b0000 - 0x00007ffd976a4000 	C:\WINDOWS\SYSTEM32\dbghelp.dll

VM Arguments:
jvm_args: -Dfile.encoding=Cp1252 
java_command: Main
java_class_path (initial): C:\Users\User\workspace\GroupProject3\bin;C:\Users\User\Desktop\University Resources\London Brunel International College (LBIC)\NC1600B - Group Project (Semester 2)\Finch Java Resources\SourceFiles\finch.jar
Launcher Type: SUN_STANDARD

Environment Variables:
PATH=C:/Program Files/Java/jre1.8.0_221/bin/server;C:/Program Files/Java/jre1.8.0_221/bin;C:/Program Files/Java/jre1.8.0_221/lib/amd64;C:\Program Files (x86)\Common Files\Oracle\Java\javapath;C:\Program Files (x86)\Intel\iCLS Client\;C:\Program Files\Intel\iCLS Client\;C:\windows\system32;C:\windows;C:\windows\System32\Wbem;C:\windows\System32\WindowsPowerShell\v1.0\;C:\Program Files (x86)\NVIDIA Corporation\PhysX\Common;C:\Program Files (x86)\Windows Live\Shared;C:\WINDOWS\system32;C:\WINDOWS;C:\WINDOWS\System32\Wbem;C:\WINDOWS\System32\WindowsPowerShell\v1.0\;C:\WINDOWS\System32\OpenSSH\;C:\Program Files (x86)\Intel\Intel(R) Management Engine Components\DAL;C:\Program Files\Intel\Intel(R) Management Engine Components\DAL;C:\Program Files (x86)\Intel\Intel(R) Management Engine Components\IPT;C:\Program Files\Intel\Intel(R) Management Engine Components\IPT;C:\Program Files\Intel\WiFi\bin\;C:\Program Files\Common Files\Intel\WirelessCommon\;C:\Program Files\Git\cmd;C:\Users\User\AppData\Local\Programs\Python\Python37-32\Scripts\;C:\Users\User\AppData\Local\Programs\Python\Python37-32\;C:\Users\User\AppData\Local\Microsoft\WindowsApps;C:\Program Files\Intel\WiFi\bin\;C:\Program Files\Common Files\Intel\WirelessCommon\;C:\Users\User\AppData\Local\GitHubDesktop\bin;%USERPROFILE%\AppData\Local\Microsoft\WindowsApps;;C:\Users\User\Desktop\University Resources\London Brunel International College (LBIC)\NC1601A - Introductory Programming (Semester 1)\eclipse;
USERNAME=User
OS=Windows_NT
PROCESSOR_IDENTIFIER=Intel64 Family 6 Model 142 Stepping 10, GenuineIntel



---------------  S Y S T E M  ---------------

OS: Windows 10.0 , 64 bit Build 18362 (10.0.18362.329)

CPU:total 8 (initial active 8) (4 cores per cpu, 2 threads per core) family 6 model 142 stepping 10, cmov, cx8, fxsr, mmx, sse, sse2, sse3, ssse3, sse4.1, sse4.2, popcnt, avx, avx2, aes, clmul, erms, 3dnowpref, lzcnt, ht, tsc, tscinvbit, bmi1, bmi2, adx

Memory: 4k page, physical 8303524k(2528568k free), swap 13276672k(4532104k free)

vm_info: Java HotSpot(TM) 64-Bit Server VM (25.221-b11) for windows-amd64 JRE (1.8.0_221-b11), built on Jul  4 2019 04:39:29 by "java_re" with MS VC++ 10.0 (VS2010)

time: Sat Mar 21 18:55:47 2020
timezone: GMT Standard Time
elapsed time: 25 seconds (0d 0h 0m 25s)

