#
# A fatal error has been detected by the Java Runtime Environment:
#
#  EXCEPTION_ACCESS_VIOLATION (0xc0000005) at pc=0x000000007478f977, pid=5136, tid=0x0000000000002650
#
# JRE version: Java(TM) SE Runtime Environment (8.0_221-b11) (build 1.8.0_221-b11)
# Java VM: Java HotSpot(TM) 64-Bit Server VM (25.221-b11 mixed mode windows-amd64 compressed oops)
# Problematic frame:
# V  [jvm.dll+0x13f977]
#
# Failed to write core dump. Minidumps are not enabled by default on client versions of Windows
#
# If you would like to submit a bug report, please visit:
#   http://bugreport.java.com/bugreport/crash.jsp
#

---------------  T H R E A D  ---------------

Current thread (0x000000001a782800):  JavaThread "HIDCommandExecutionQueue.executor pool-5-thread-1" daemon [_thread_in_vm, id=9808, stack(0x000000001c550000,0x000000001c650000)]

siginfo: ExceptionCode=0xc0000005, reading address 0x0000000000000000

Registers:
RAX=0x0000000000000000, RBX=0x000000001a782800, RCX=0x0000000000000280, RDX=0x000000001a7077d0
RSP=0x000000001c64ef80, RBP=0x0000000000000000, RSI=0x000000001a7077d0, RDI=0x0000000000000001
R8 =0x0000000000000000, R9 =0x00000000d73753f0, R10=0x0000000000000040, R11=0x0000000074e67940
R12=0x0000000000000000, R13=0x00000000d66a1388, R14=0x0000000000000000, R15=0x000000001a782800
RIP=0x000000007478f977, EFLAGS=0x0000000000010202

Top of Stack: (sp=0x000000001c64ef80)
0x000000001c64ef80:   0000ee462dc322f6 00000000745d8d94
0x000000001c64ef90:   0000000000000000 0000000000000000
0x000000001c64efa0:   0000000000000000 0000000180001419
0x000000001c64efb0:   00000000d6671b20 000000001c64f0f0
0x000000001c64efc0:   0000000000000000 00000000d6671b20
0x000000001c64efd0:   00000000d5c001b0 000000018000132e
0x000000001c64efe0:   0000000000000000 00000001800021f9
0x000000001c64eff0:   0000000000000001 0000000180002410
0x000000001c64f000:   00000000d5c001b0 00000001800012f8
0x000000001c64f010:   000000001c64f050 00000000027508da
0x000000001c64f020:   00000000d7375380 0000000000000000
0x000000001c64f030:   0000000000000000 0000000000000000
0x000000001c64f040:   0000000000000000 0000000000000000
0x000000001c64f050:   0000000000000000 0000000000000000
0x000000001c64f060:   0000000000000000 0000000000000000
0x000000001c64f070:   0000000000000000 0000000180002410 

Instructions: (pc=0x000000007478f977)
0x000000007478f957:   00 00 00 30 74 08 48 8b cb e8 7b 47 10 00 c7 83
0x000000007478f967:   70 02 00 00 06 00 00 00 40 b7 01 48 85 f6 74 60
0x000000007478f977:   48 8b 4d 00 40 32 ff e8 ed 96 f2 ff 48 8b d0 48
0x000000007478f987:   85 c0 74 4c 40 38 3d af 6f 6d 00 4c 8b 06 74 16 


Register to memory mapping:

RAX=0x0000000000000000 is an unknown value
RBX=0x000000001a782800 is a thread
RCX=0x0000000000000280 is an unknown value
RDX=0x000000001a7077d0 is an unknown value
RSP=0x000000001c64ef80 is pointing into the stack for thread: 0x000000001a782800
RBP=0x0000000000000000 is an unknown value
RSI=0x000000001a7077d0 is an unknown value
RDI=0x0000000000000001 is an unknown value
R8 =0x0000000000000000 is an unknown value
R9 =0x00000000d73753f0 is an oop
[Ljava.lang.Object; 
 - klass: 'java/lang/Object'[]
 - length: 5
R10=0x0000000000000040 is an unknown value
R11=0x0000000074e67940 is an unknown value
R12=0x0000000000000000 is an unknown value
R13=0x00000000d66a1388 is an oop
java.lang.reflect.Method 
 - klass: 'java/lang/reflect/Method'
R14=0x0000000000000000 is an unknown value
R15=0x000000001a782800 is a thread


Stack: [0x000000001c550000,0x000000001c650000],  sp=0x000000001c64ef80,  free space=1019k
Native frames: (J=compiled Java code, j=interpreted, Vv=VM code, C=native code)

Java frames: (J=compiled Java code, j=interpreted, Vv=VM code)
J 719  com.sun.jna.Function.invokeInt(I[Ljava/lang/Object;)I (0 bytes) @ 0x0000000002a1794f [0x0000000002a17900+0x4f]
J 874 C2 com.sun.jna.Function.invoke([Ljava/lang/Object;Ljava/lang/Class;Z)Ljava/lang/Object; (1125 bytes) @ 0x0000000002a9e7ac [0x0000000002a9e720+0x8c]
J 808 C2 com.sun.jna.Function.invoke(Ljava/lang/Class;[Ljava/lang/Object;Ljava/util/Map;)Ljava/lang/Object; (526 bytes) @ 0x0000000002a83df0 [0x0000000002a82fc0+0xe30]
J 868 C2 com.sun.jna.Library$Handler.invoke(Ljava/lang/Object;Ljava/lang/reflect/Method;[Ljava/lang/Object;)Ljava/lang/Object; (345 bytes) @ 0x0000000002aae408 [0x0000000002aadfa0+0x468]
J 892 C2 edu.cmu.ri.createlab.usb.hid.windows.WindowsHIDDevice.write([B)Ledu/cmu/ri/createlab/usb/hid/HIDWriteStatus; (595 bytes) @ 0x0000000002ac4c84 [0x0000000002ac47a0+0x4e4]
J 891 C2 edu.cmu.ri.createlab.usb.hid.CreateLabHIDCommandStrategy.execute(Ledu/cmu/ri/createlab/usb/hid/HIDDevice;)Ledu/cmu/ri/createlab/usb/hid/HIDCommandResponse; (484 bytes) @ 0x0000000002ab3cb0 [0x0000000002ab3ba0+0x110]
J 886 C2 edu.cmu.ri.createlab.usb.hid.CreateLabHIDCommandStrategy.execute(Ljava/lang/Object;)Ledu/cmu/ri/createlab/util/commandexecution/CommandResponse; (9 bytes) @ 0x0000000002ab0020 [0x0000000002aaffe0+0x40]
J 880 C2 java.util.concurrent.FutureTask.run()V (126 bytes) @ 0x0000000002ab0b5c [0x0000000002ab0aa0+0xbc]
j  java.util.concurrent.ThreadPoolExecutor.runWorker(Ljava/util/concurrent/ThreadPoolExecutor$Worker;)V+95
j  java.util.concurrent.ThreadPoolExecutor$Worker.run()V+5
j  java.lang.Thread.run()V+11
v  ~StubRoutines::call_stub

---------------  P R O C E S S  ---------------

Java Threads: ( => current thread )
  0x000000001a5fd800 JavaThread "AWT-Shutdown" [_thread_blocked, id=5608, stack(0x0000000000aa0000,0x0000000000ba0000)]
=>0x000000001a782800 JavaThread "HIDCommandExecutionQueue.executor pool-5-thread-1" daemon [_thread_in_vm, id=9808, stack(0x000000001c550000,0x000000001c650000)]
  0x000000001a76d800 JavaThread "FinchController.peerPingScheduler pool-6-thread-1" daemon [_thread_blocked, id=8400, stack(0x000000001c2a0000,0x000000001c3a0000)]
  0x000000001a6e1000 JavaThread "BaseCreateLabDeviceConnectivityManager.executorService pool-1-thread-1" daemon [_thread_blocked, id=18100, stack(0x000000001bc20000,0x000000001bd20000)]
  0x000000001a6de000 JavaThread "DatasetPlotter.executorService pool-4-thread-1" daemon [_thread_blocked, id=17944, stack(0x000000001bb20000,0x000000001bc20000)]
  0x000000001a6dd800 JavaThread "DatasetPlotter.executorService pool-3-thread-1" daemon [_thread_blocked, id=5600, stack(0x000000001ba20000,0x000000001bb20000)]
  0x000000001a6dd000 JavaThread "DatasetPlotter.executorService pool-2-thread-1" daemon [_thread_blocked, id=9504, stack(0x000000001b920000,0x000000001ba20000)]
  0x00000000199c9800 JavaThread "Java2D Disposer" daemon [_thread_blocked, id=10704, stack(0x000000001ad30000,0x000000001ae30000)]
  0x00000000196b8800 JavaThread "Service Thread" daemon [_thread_blocked, id=17920, stack(0x000000001a1f0000,0x000000001a2f0000)]
  0x0000000019631800 JavaThread "C1 CompilerThread3" daemon [_thread_blocked, id=16472, stack(0x000000001a0f0000,0x000000001a1f0000)]
  0x000000001962e000 JavaThread "C2 CompilerThread2" daemon [_thread_blocked, id=10624, stack(0x0000000019ff0000,0x000000001a0f0000)]
  0x000000001961c800 JavaThread "C2 CompilerThread1" daemon [_thread_blocked, id=18380, stack(0x0000000019ef0000,0x0000000019ff0000)]
  0x000000001961a000 JavaThread "C2 CompilerThread0" daemon [_thread_blocked, id=8828, stack(0x0000000019df0000,0x0000000019ef0000)]
  0x0000000019618000 JavaThread "Attach Listener" daemon [_thread_blocked, id=1572, stack(0x0000000019cf0000,0x0000000019df0000)]
  0x0000000019617000 JavaThread "Signal Dispatcher" daemon [_thread_blocked, id=17216, stack(0x0000000019bf0000,0x0000000019cf0000)]
  0x0000000019610800 JavaThread "Finalizer" daemon [_thread_blocked, id=17152, stack(0x00000000199f0000,0x0000000019af0000)]
  0x000000001770d000 JavaThread "Reference Handler" daemon [_thread_blocked, id=17200, stack(0x00000000194f0000,0x00000000195f0000)]

Other Threads:
  0x0000000017708000 VMThread [stack: 0x00000000193f0000,0x00000000194f0000] [id=17156]

VM state:synchronizing (normal execution)

VM Mutex/Monitor currently owned by a thread:  ([mutex/lock_event])
[0x000000000264d0b0] Threads_lock - owner thread: 0x0000000017708000
[0x000000000264db30] Heap_lock - owner thread: 0x000000000264e000

heap address: 0x0000000081400000, size: 2028 MB, Compressed Oops mode: 32-bit
Narrow klass base: 0x0000000000000000, Narrow klass shift: 3
Compressed class space size: 1073741824 Address: 0x0000000100000000

Heap:
 PSYoungGen      total 38400K, used 26639K [0x00000000d5c00000, 0x00000000d8680000, 0x0000000100000000)
  eden space 33280K, 80% used [0x00000000d5c00000,0x00000000d7603e20,0x00000000d7c80000)
  from space 5120K, 0% used [0x00000000d8180000,0x00000000d8180000,0x00000000d8680000)
  to   space 5120K, 0% used [0x00000000d7c80000,0x00000000d7c80000,0x00000000d8180000)
 ParOldGen       total 87552K, used 0K [0x0000000081400000, 0x0000000086980000, 0x00000000d5c00000)
  object space 87552K, 0% used [0x0000000081400000,0x0000000081400000,0x0000000086980000)
 Metaspace       used 10547K, capacity 10744K, committed 10880K, reserved 1058816K
  class space    used 1268K, capacity 1353K, committed 1408K, reserved 1048576K

Card table byte_map: [0x0000000011b10000,0x0000000011f10000] byte_map_base: 0x0000000011706000

Marking Bits: (ParMarkBitMap*) 0x0000000074e75ce0
 Begin Bits: [0x00000000129c0000, 0x0000000014970000)
 End Bits:   [0x0000000014970000, 0x0000000016920000)

Polling page: 0x00000000023d0000

CodeCache: size=245760Kb used=3529Kb max_used=3539Kb free=242230Kb
 bounds [0x0000000002750000, 0x0000000002ad0000, 0x0000000011750000]
 total_blobs=1307 nmethods=908 adapters=312
 compilation: enabled

Compilation events (10 events):
Event: 78.770 Thread 0x0000000019631800  904       1       edu.cmu.ri.createlab.terk.services.BaseDeviceControllingService::getDeviceCount (5 bytes)
Event: 78.770 Thread 0x0000000019631800 nmethod 904 0x0000000002aaba10 code [0x0000000002aabb60, 0x0000000002aabc70]
Event: 78.784 Thread 0x0000000019631800  905       1       edu.cmu.ri.createlab.terk.robot.finch.commands.MotorVelocityCommandStrategy::getSizeOfExpectedResponse (2 bytes)
Event: 78.784 Thread 0x0000000019631800 nmethod 905 0x0000000002aab750 code [0x0000000002aab8a0, 0x0000000002aab9b0]
Event: 80.450 Thread 0x000000001961a000  906       4       java.lang.Integer::valueOf (32 bytes)
Event: 80.453 Thread 0x000000001961a000 nmethod 906 0x0000000002abe190 code [0x0000000002abe2e0, 0x0000000002abe3b8]
Event: 81.664 Thread 0x0000000019631800  907       3       edu.cmu.ri.createlab.usb.hid.CreateLabHIDCommandStrategy::<init> (5 bytes)
Event: 81.664 Thread 0x0000000019631800 nmethod 907 0x0000000002aab390 code [0x0000000002aab4e0, 0x0000000002aab690]
Event: 91.283 Thread 0x0000000019631800  908       3       java.util.Vector::elementData (7 bytes)
Event: 91.283 Thread 0x0000000019631800 nmethod 908 0x0000000002aaafd0 code [0x0000000002aab120, 0x0000000002aab290]

GC Heap History (0 events):
No events

Deoptimization events (3 events):
Event: 0.695 Thread 0x000000000264e000 Uncommon trap: reason=unstable_if action=reinterpret pc=0x000000000288a2e8 method=java.lang.String.startsWith(Ljava/lang/String;I)Z @ 25
Event: 8.904 Thread 0x000000001a782800 Uncommon trap: reason=null_check action=make_not_entrant pc=0x0000000002a81808 method=com.sun.jna.Function.invoke(Ljava/lang/Class;[Ljava/lang/Object;Ljava/util/Map;)Ljava/lang/Object; @ 152
Event: 13.680 Thread 0x000000000264e000 Uncommon trap: reason=unstable_if action=reinterpret pc=0x0000000002a886f4 method=java.util.concurrent.locks.ReentrantLock$Sync.nonfairTryAcquire(I)Z @ 10

Classes redefined (0 events):
No events

Internal exceptions (10 events):
Event: 0.409 Thread 0x000000000264e000 Exception <a 'java/lang/ClassNotFoundException': org/apache/log4j/WriterAppenderCustomizer> (0x00000000d5ee2e98) thrown at [C:\re\workspace\8-2-build-windows-amd64-cygwin\jdk8u221\13320\hotspot\src\share\vm\classfile\systemDictionary.cpp, line 210]
Event: 0.412 Thread 0x000000000264e000 Exception <a 'java/lang/ClassNotFoundException': org/apache/log4j/FileAppenderCustomizer> (0x00000000d5ef29b8) thrown at [C:\re\workspace\8-2-build-windows-amd64-cygwin\jdk8u221\13320\hotspot\src\share\vm\classfile\systemDictionary.cpp, line 210]
Event: 0.430 Thread 0x000000000264e000 Exception <a 'java/lang/ClassNotFoundException': org/apache/log4j/PatternLayoutBeanInfo> (0x00000000d5f48a78) thrown at [C:\re\workspace\8-2-build-windows-amd64-cygwin\jdk8u221\13320\hotspot\src\share\vm\classfile\systemDictionary.cpp, line 210]
Event: 0.431 Thread 0x000000000264e000 Exception <a 'java/lang/ClassNotFoundException': org/apache/log4j/LayoutBeanInfo> (0x00000000d5f4ba68) thrown at [C:\re\workspace\8-2-build-windows-amd64-cygwin\jdk8u221\13320\hotspot\src\share\vm\classfile\systemDictionary.cpp, line 210]
Event: 0.431 Thread 0x000000000264e000 Exception <a 'java/lang/ClassNotFoundException': org/apache/log4j/LayoutCustomizer> (0x00000000d5f4e8e8) thrown at [C:\re\workspace\8-2-build-windows-amd64-cygwin\jdk8u221\13320\hotspot\src\share\vm\classfile\systemDictionary.cpp, line 210]
Event: 0.433 Thread 0x000000000264e000 Exception <a 'java/lang/ClassNotFoundException': org/apache/log4j/PatternLayoutCustomizer> (0x00000000d5f55fa8) thrown at [C:\re\workspace\8-2-build-windows-amd64-cygwin\jdk8u221\13320\hotspot\src\share\vm\classfile\systemDictionary.cpp, line 210]
Event: 0.517 Thread 0x000000000264e000 Exception <a 'java/io/FileNotFoundException'> (0x00000000d602fe80) thrown at [C:\re\workspace\8-2-build-windows-amd64-cygwin\jdk8u221\13320\hotspot\src\share\vm\prims\jni.cpp, line 710]
Event: 0.565 Thread 0x000000000264e000 Exception <a 'java/lang/NoSuchFieldError': method resolution failed> (0x00000000d6101a18) thrown at [C:\re\workspace\8-2-build-windows-amd64-cygwin\jdk8u221\13320\hotspot\src\share\vm\prims\methodHandles.cpp, line 1167]
Event: 0.567 Thread 0x000000000264e000 Exception <a 'java/lang/NoSuchFieldError': method resolution failed> (0x00000000d610ed38) thrown at [C:\re\workspace\8-2-build-windows-amd64-cygwin\jdk8u221\13320\hotspot\src\share\vm\prims\methodHandles.cpp, line 1167]
Event: 0.682 Thread 0x000000000264e000 Exception <a 'java/io/FileNotFoundException'> (0x00000000d629df20) thrown at [C:\re\workspace\8-2-build-windows-amd64-cygwin\jdk8u221\13320\hotspot\src\share\vm\prims\jni.cpp, line 710]

Events (10 events):
Event: 91.287 loading class java/lang/ProcessImpl
Event: 91.287 loading class java/lang/Process
Event: 91.288 loading class java/lang/Process done
Event: 91.288 loading class java/lang/ProcessImpl done
Event: 91.290 Thread 0x00000000199ed800 Thread exited: 0x00000000199ed800
Event: 91.335 loading class java/lang/ProcessImpl$2
Event: 91.335 loading class java/lang/ProcessImpl$2 done
Event: 91.335 Thread 0x000000001a5fd000 Thread exited: 0x000000001a5fd000
Event: 91.384 Thread 0x000000001a608000 Thread exited: 0x000000001a608000
Event: 91.385 Thread 0x000000000264e000 Thread exited: 0x000000000264e000


Dynamic libraries:
0x00007ff7bbb90000 - 0x00007ff7bbbc7000 	C:\Program Files\Java\jre1.8.0_221\bin\javaw.exe
0x00007ffea3820000 - 0x00007ffea3a10000 	C:\WINDOWS\SYSTEM32\ntdll.dll
0x00007ffea2a30000 - 0x00007ffea2ae2000 	C:\WINDOWS\System32\KERNEL32.DLL
0x00007ffea0b80000 - 0x00007ffea0e23000 	C:\WINDOWS\System32\KERNELBASE.dll
0x00007ffea2230000 - 0x00007ffea22d3000 	C:\WINDOWS\System32\ADVAPI32.dll
0x00007ffea1ec0000 - 0x00007ffea1f5e000 	C:\WINDOWS\System32\msvcrt.dll
0x00007ffea1a20000 - 0x00007ffea1ab7000 	C:\WINDOWS\System32\sechost.dll
0x00007ffea1f60000 - 0x00007ffea2080000 	C:\WINDOWS\System32\RPCRT4.dll
0x00007ffea2af0000 - 0x00007ffea2c84000 	C:\WINDOWS\System32\USER32.dll
0x00007ffea18a0000 - 0x00007ffea18c1000 	C:\WINDOWS\System32\win32u.dll
0x00007ffea1ac0000 - 0x00007ffea1ae6000 	C:\WINDOWS\System32\GDI32.dll
0x00007ffea0960000 - 0x00007ffea0af4000 	C:\WINDOWS\System32\gdi32full.dll
0x00007ffea1800000 - 0x00007ffea189e000 	C:\WINDOWS\System32\msvcp_win.dll
0x00007ffea0860000 - 0x00007ffea095a000 	C:\WINDOWS\System32\ucrtbase.dll
0x00007ffe8f2d0000 - 0x00007ffe8f555000 	C:\WINDOWS\WinSxS\amd64_microsoft.windows.common-controls_6595b64144ccf1df_6.0.18362.657_none_e6c5b579130e3898\COMCTL32.dll
0x00007ffea3430000 - 0x00007ffea3766000 	C:\WINDOWS\System32\combase.dll
0x00007ffea0b00000 - 0x00007ffea0b80000 	C:\WINDOWS\System32\bcryptPrimitives.dll
0x00007ffea18d0000 - 0x00007ffea18fe000 	C:\WINDOWS\System32\IMM32.DLL
0x0000000074570000 - 0x0000000074642000 	C:\Program Files\Java\jre1.8.0_221\bin\msvcr100.dll
0x0000000074650000 - 0x0000000074ef5000 	C:\Program Files\Java\jre1.8.0_221\bin\server\jvm.dll
0x00007ffea2cc0000 - 0x00007ffea2cc8000 	C:\WINDOWS\System32\PSAPI.DLL
0x00007ffe94d90000 - 0x00007ffe94d99000 	C:\WINDOWS\SYSTEM32\WSOCK32.dll
0x00007ffe98ab0000 - 0x00007ffe98ad4000 	C:\WINDOWS\SYSTEM32\WINMM.dll
0x00007ffea3770000 - 0x00007ffea37df000 	C:\WINDOWS\System32\WS2_32.dll
0x00007ffe9ad90000 - 0x00007ffe9ad9a000 	C:\WINDOWS\SYSTEM32\VERSION.dll
0x00007ffe98870000 - 0x00007ffe9889d000 	C:\WINDOWS\SYSTEM32\winmmbase.dll
0x00007ffea0eb0000 - 0x00007ffea0efa000 	C:\WINDOWS\System32\cfgmgr32.dll
0x00007ffe9c870000 - 0x00007ffe9c87f000 	C:\Program Files\Java\jre1.8.0_221\bin\verify.dll
0x00007ffe6b190000 - 0x00007ffe6b1b9000 	C:\Program Files\Java\jre1.8.0_221\bin\java.dll
0x00007ffe9c7c0000 - 0x00007ffe9c7d6000 	C:\Program Files\Java\jre1.8.0_221\bin\zip.dll
0x00007ffea2340000 - 0x00007ffea2a25000 	C:\WINDOWS\System32\SHELL32.dll
0x00007ffea1970000 - 0x00007ffea1a19000 	C:\WINDOWS\System32\shcore.dll
0x00007ffea0f00000 - 0x00007ffea167f000 	C:\WINDOWS\System32\windows.storage.dll
0x00007ffea0700000 - 0x00007ffea071f000 	C:\WINDOWS\System32\profapi.dll
0x00007ffea0760000 - 0x00007ffea07aa000 	C:\WINDOWS\System32\powrprof.dll
0x00007ffea06f0000 - 0x00007ffea0700000 	C:\WINDOWS\System32\UMPDC.dll
0x00007ffea3300000 - 0x00007ffea3352000 	C:\WINDOWS\System32\shlwapi.dll
0x00007ffea0740000 - 0x00007ffea0751000 	C:\WINDOWS\System32\kernel.appcore.dll
0x00007ffea0e30000 - 0x00007ffea0e47000 	C:\WINDOWS\System32\cryptsp.dll
0x00007ffe88670000 - 0x00007ffe88809000 	C:\Program Files\Java\jre1.8.0_221\bin\awt.dll
0x00007ffea2cd0000 - 0x00007ffea2d94000 	C:\WINDOWS\System32\OLEAUT32.dll
0x00007ffe9df90000 - 0x00007ffe9e01f000 	C:\WINDOWS\SYSTEM32\apphelp.dll
0x00007ffe9e350000 - 0x00007ffe9e3e9000 	C:\WINDOWS\system32\uxtheme.dll
0x00007ffea1d80000 - 0x00007ffea1eb5000 	C:\WINDOWS\System32\MSCTF.dll
0x00007ffea1ba0000 - 0x00007ffea1cf6000 	C:\WINDOWS\System32\ole32.dll
0x00007ffe9e5d0000 - 0x00007ffe9e5fd000 	C:\WINDOWS\system32\DWMAPI.DLL
0x00007ffe9fa70000 - 0x00007ffe9faa3000 	C:\WINDOWS\system32\rsaenh.dll
0x00007ffea1680000 - 0x00007ffea16a6000 	C:\WINDOWS\System32\bcrypt.dll
0x00007ffea0610000 - 0x00007ffea0635000 	C:\WINDOWS\SYSTEM32\USERENV.dll
0x00007ffea00d0000 - 0x00007ffea00dc000 	C:\WINDOWS\SYSTEM32\CRYPTBASE.dll
0x00007ffe9c760000 - 0x00007ffe9c77a000 	C:\Program Files\Java\jre1.8.0_221\bin\net.dll
0x00007ffe96900000 - 0x00007ffe96ad6000 	C:\WINDOWS\SYSTEM32\urlmon.dll
0x00007ffe964a0000 - 0x00007ffe96746000 	C:\WINDOWS\SYSTEM32\iertutil.dll
0x00007ffe9ff00000 - 0x00007ffe9ff67000 	C:\WINDOWS\system32\mswsock.dll
0x00007ffe9fc10000 - 0x00007ffe9fc4a000 	C:\WINDOWS\SYSTEM32\IPHLPAPI.DLL
0x00007ffea2da0000 - 0x00007ffea2da8000 	C:\WINDOWS\System32\NSI.dll
0x00007ffe9ef10000 - 0x00007ffe9ef26000 	C:\WINDOWS\SYSTEM32\dhcpcsvc6.DLL
0x00007ffe9eef0000 - 0x00007ffe9ef0c000 	C:\WINDOWS\SYSTEM32\dhcpcsvc.DLL
0x00007ffe9fcb0000 - 0x00007ffe9fd7a000 	C:\WINDOWS\SYSTEM32\DNSAPI.dll
0x00007ffe8c660000 - 0x00007ffe8c672000 	C:\Program Files\Java\jre1.8.0_221\bin\nio.dll
0x0000000180000000 - 0x0000000180037000 	C:\Users\User\AppData\Local\Temp\jna8188826880307687900.dll
0x00007ffe9ef50000 - 0x00007ffe9ef5e000 	C:\WINDOWS\SYSTEM32\hid.dll
0x00007ffea2e90000 - 0x00007ffea3300000 	C:\WINDOWS\System32\setupapi.dll
0x00007ffea02f0000 - 0x00007ffea031a000 	C:\WINDOWS\System32\DEVOBJ.dll
0x00007ffea0e50000 - 0x00007ffea0eac000 	C:\WINDOWS\System32\WINTRUST.dll
0x00007ffea0720000 - 0x00007ffea0732000 	C:\WINDOWS\System32\MSASN1.dll
0x00007ffea16b0000 - 0x00007ffea17f9000 	C:\WINDOWS\System32\CRYPT32.dll
0x00007ffe9f0d0000 - 0x00007ffe9f2c4000 	C:\WINDOWS\SYSTEM32\dbghelp.dll

VM Arguments:
jvm_args: -Dfile.encoding=Cp1252 
java_command: main
java_class_path (initial): C:\Users\User\workspace\GroupProject3\bin;C:\Users\User\Desktop\University Resources\London Brunel International College (LBIC)\NC1600B - Group Project (Semester 2)\Finch Java Resources\SourceFiles\finch.jar
Launcher Type: SUN_STANDARD

Environment Variables:
PATH=C:/Program Files/Java/jre1.8.0_221/bin/server;C:/Program Files/Java/jre1.8.0_221/bin;C:/Program Files/Java/jre1.8.0_221/lib/amd64;C:\Program Files (x86)\Common Files\Oracle\Java\javapath;C:\Program Files (x86)\Intel\iCLS Client\;C:\Program Files\Intel\iCLS Client\;C:\windows\system32;C:\windows;C:\windows\System32\Wbem;C:\windows\System32\WindowsPowerShell\v1.0\;C:\Program Files (x86)\NVIDIA Corporation\PhysX\Common;C:\Program Files (x86)\Windows Live\Shared;C:\WINDOWS\system32;C:\WINDOWS;C:\WINDOWS\System32\Wbem;C:\WINDOWS\System32\WindowsPowerShell\v1.0\;C:\WINDOWS\System32\OpenSSH\;C:\Program Files (x86)\Intel\Intel(R) Management Engine Components\DAL;C:\Program Files\Intel\Intel(R) Management Engine Components\DAL;C:\Program Files (x86)\Intel\Intel(R) Management Engine Components\IPT;C:\Program Files\Intel\Intel(R) Management Engine Components\IPT;C:\Program Files\Intel\WiFi\bin\;C:\Program Files\Common Files\Intel\WirelessCommon\;C:\Program Files\Git\cmd;C:\Users\User\AppData\Local\Programs\Python\Python37-32\Scripts\;C:\Users\User\AppData\Local\Programs\Python\Python37-32\;C:\Users\User\AppData\Local\Microsoft\WindowsApps;C:\Program Files\Intel\WiFi\bin\;C:\Program Files\Common Files\Intel\WirelessCommon\;C:\Users\User\AppData\Local\GitHubDesktop\bin;%USERPROFILE%\AppData\Local\Microsoft\WindowsApps;;C:\Users\User\Desktop\University Resources\London Brunel International College (LBIC)\NC1601A - Introductory Programming (Semester 1)\eclipse;
USERNAME=User
OS=Windows_NT
PROCESSOR_IDENTIFIER=Intel64 Family 6 Model 142 Stepping 10, GenuineIntel



---------------  S Y S T E M  ---------------

OS: Windows 10.0 , 64 bit Build 18362 (10.0.18362.329)

CPU:total 8 (initial active 8) (4 cores per cpu, 2 threads per core) family 6 model 142 stepping 10, cmov, cx8, fxsr, mmx, sse, sse2, sse3, ssse3, sse4.1, sse4.2, popcnt, avx, avx2, aes, clmul, erms, 3dnowpref, lzcnt, ht, tsc, tscinvbit, bmi1, bmi2, adx

Memory: 4k page, physical 8303524k(2886176k free), swap 12759972k(4794708k free)

vm_info: Java HotSpot(TM) 64-Bit Server VM (25.221-b11) for windows-amd64 JRE (1.8.0_221-b11), built on Jul  4 2019 04:39:29 by "java_re" with MS VC++ 10.0 (VS2010)

time: Fri Feb 28 16:17:27 2020
timezone: GMT Standard Time
elapsed time: 91 seconds (0d 0h 1m 31s)

