#
# A fatal error has been detected by the Java Runtime Environment:
#
#  EXCEPTION_ACCESS_VIOLATION (0xc0000005) at pc=0x0000000055cff977, pid=11004, tid=0x0000000000000af0
#
# JRE version: Java(TM) SE Runtime Environment (8.0_221-b11) (build 1.8.0_221-b11)
# Java VM: Java HotSpot(TM) 64-Bit Server VM (25.221-b11 mixed mode windows-amd64 compressed oops)
# Problematic frame:
# V  [jvm.dll+0x13f977]
#
# Failed to write core dump. Minidumps are not enabled by default on client versions of Windows
#
# If you would like to submit a bug report, please visit:
#   http://bugreport.java.com/bugreport/crash.jsp
#

---------------  T H R E A D  ---------------

Current thread (0x000000001b1f9800):  JavaThread "HIDCommandExecutionQueue.executor pool-5-thread-1" daemon [_thread_in_vm, id=2800, stack(0x000000001d0a0000,0x000000001d1a0000)]

siginfo: ExceptionCode=0xc0000005, reading address 0x0000000000000000

Registers:
RAX=0x0000000000000000, RBX=0x000000001b1f9800, RCX=0x0000000000000980, RDX=0x000000001b1742e0
RSP=0x000000001d19e180, RBP=0x0000000000000000, RSI=0x000000001b1742e0, RDI=0x0000000000000101
R8 =0x0000000000000000, R9 =0x00000000d6fd5ca0, R10=0x000000000000002e, R11=0x00000000563d7940
R12=0x0000000000000000, R13=0x00000000d668e160, R14=0x0000000000000000, R15=0x000000001b1f9800
RIP=0x0000000055cff977, EFLAGS=0x0000000000010202

Top of Stack: (sp=0x000000001d19e180)
0x000000001d19e180:   000006040c516b2c 000000001ded0e30
0x000000001d19e190:   00000000000001d8 000000001ded0e30
0x000000001d19e1a0:   00000000000001d8 0000000180001419
0x000000001d19e1b0:   0000000000000a2d 000000001d19e2f0
0x000000001d19e1c0:   000000001ded0e30 0000000000000a2d
0x000000001d19e1d0:   00000000d67b5ae8 000000018000132e
0x000000001d19e1e0:   000000001ded0e30 000000001d19e200
0x000000001d19e1f0:   000000001d19e230 0000000180002410
0x000000001d19e200:   00000000d67b5ae8 00000001800012f8
0x000000001d19e210:   000000001d19e2f0 000000001d19e2f8
0x000000001d19e220:   000000001d19e300 00000001800012f8
0x000000001d19e230:   00000001800263e8 00000001800263e8
0x000000001d19e240:   00000001800263a0 00000001800263e8
0x000000001d19e250:   00000001800263e8 0000000017f50fc0
0x000000001d19e260:   000000001b1742e8 000000001b24c4c0
0x000000001d19e270:   0000000055d1ad30 0000000180002410 

Instructions: (pc=0x0000000055cff977)
0x0000000055cff957:   00 00 00 30 74 08 48 8b cb e8 7b 47 10 00 c7 83
0x0000000055cff967:   70 02 00 00 06 00 00 00 40 b7 01 48 85 f6 74 60
0x0000000055cff977:   48 8b 4d 00 40 32 ff e8 ed 96 f2 ff 48 8b d0 48
0x0000000055cff987:   85 c0 74 4c 40 38 3d af 6f 6d 00 4c 8b 06 74 16 


Register to memory mapping:

RAX=0x0000000000000000 is an unknown value
RBX=0x000000001b1f9800 is a thread
RCX=0x0000000000000980 is an unknown value
RDX=0x000000001b1742e0 is an unknown value
RSP=0x000000001d19e180 is pointing into the stack for thread: 0x000000001b1f9800
RBP=0x0000000000000000 is an unknown value
RSI=0x000000001b1742e0 is an unknown value
RDI=0x0000000000000101 is an unknown value
R8 =0x0000000000000000 is an unknown value
R9 =0x00000000d6fd5ca0 is an oop
[Ljava.lang.Object; 
 - klass: 'java/lang/Object'[]
 - length: 5
R10=0x000000000000002e is an unknown value
R11=0x00000000563d7940 is an unknown value
R12=0x0000000000000000 is an unknown value
R13=0x00000000d668e160 is an oop
java.lang.reflect.Method 
 - klass: 'java/lang/reflect/Method'
R14=0x0000000000000000 is an unknown value
R15=0x000000001b1f9800 is a thread


Stack: [0x000000001d0a0000,0x000000001d1a0000],  sp=0x000000001d19e180,  free space=1016k
Native frames: (J=compiled Java code, j=interpreted, Vv=VM code, C=native code)

Java frames: (J=compiled Java code, j=interpreted, Vv=VM code)
J 883  com.sun.jna.Function.invokeInt(I[Ljava/lang/Object;)I (0 bytes) @ 0x000000000350c00f [0x000000000350bfc0+0x4f]
J 880 C1 com.sun.jna.Function.invoke([Ljava/lang/Object;Ljava/lang/Class;Z)Ljava/lang/Object; (1125 bytes) @ 0x00000000034f8254 [0x00000000034f7b40+0x714]
J 983 C2 com.sun.jna.Function.invoke(Ljava/lang/Class;[Ljava/lang/Object;Ljava/util/Map;)Ljava/lang/Object; (526 bytes) @ 0x000000000357d130 [0x000000000357c300+0xe30]
J 879 C1 com.sun.jna.Library$Handler.invoke(Ljava/lang/Object;Ljava/lang/reflect/Method;[Ljava/lang/Object;)Ljava/lang/Object; (345 bytes) @ 0x00000000034f47d4 [0x00000000034f25c0+0x2214]
J 971 C1 com.sun.proxy.$Proxy2.WriteFile(Lcom/sun/jna/ptr/PointerByReference;[BILcom/sun/jna/ptr/IntByReference;Lcom/sun/jna/ptr/IntByReference;)Z (62 bytes) @ 0x00000000035691fc [0x00000000035688e0+0x91c]
J 969 C1 edu.cmu.ri.createlab.usb.hid.windows.WindowsHIDDevice.write([B)Ledu/cmu/ri/createlab/usb/hid/HIDWriteStatus; (595 bytes) @ 0x0000000003551e0c [0x00000000035503c0+0x1a4c]
J 968 C1 edu.cmu.ri.createlab.usb.hid.CreateLabHIDCommandStrategy.execute(Ledu/cmu/ri/createlab/usb/hid/HIDDevice;)Ledu/cmu/ri/createlab/usb/hid/HIDCommandResponse; (484 bytes) @ 0x000000000355e40c [0x000000000355e180+0x28c]
J 920 C1 edu.cmu.ri.createlab.usb.hid.HIDCommand.call()Ljava/lang/Object; (5 bytes) @ 0x00000000035199bc [0x0000000003519700+0x2bc]
J 927 C1 java.util.concurrent.FutureTask.run()V (126 bytes) @ 0x000000000351f24c [0x000000000351f000+0x24c]
j  java.util.concurrent.ThreadPoolExecutor.runWorker(Ljava/util/concurrent/ThreadPoolExecutor$Worker;)V+95
j  java.util.concurrent.ThreadPoolExecutor$Worker.run()V+5
j  java.lang.Thread.run()V+11
v  ~StubRoutines::call_stub

---------------  P R O C E S S  ---------------

Java Threads: ( => current thread )
  0x000000001b002000 JavaThread "AWT-Shutdown" [_thread_blocked, id=11896, stack(0x000000001e2a0000,0x000000001e3a0000)]
=>0x000000001b1f9800 JavaThread "HIDCommandExecutionQueue.executor pool-5-thread-1" daemon [_thread_in_vm, id=2800, stack(0x000000001d0a0000,0x000000001d1a0000)]
  0x000000001b18b800 JavaThread "FinchController.peerPingScheduler pool-6-thread-1" daemon [_thread_blocked, id=8008, stack(0x000000001cea0000,0x000000001cfa0000)]
  0x000000001b13c000 JavaThread "BaseCreateLabDeviceConnectivityManager.executorService pool-1-thread-1" daemon [_thread_blocked, id=5104, stack(0x000000001c760000,0x000000001c860000)]
  0x000000001b138800 JavaThread "DatasetPlotter.executorService pool-4-thread-1" daemon [_thread_blocked, id=16184, stack(0x000000001c660000,0x000000001c760000)]
  0x000000001b137800 JavaThread "DatasetPlotter.executorService pool-3-thread-1" daemon [_thread_blocked, id=12408, stack(0x000000001c560000,0x000000001c660000)]
  0x000000001b137000 JavaThread "DatasetPlotter.executorService pool-2-thread-1" daemon [_thread_blocked, id=6268, stack(0x000000001c460000,0x000000001c560000)]
  0x000000001b0dc800 JavaThread "Java2D Disposer" daemon [_thread_blocked, id=18476, stack(0x000000001b7a0000,0x000000001b8a0000)]
  0x000000001a120800 JavaThread "Service Thread" daemon [_thread_blocked, id=13456, stack(0x000000001ac60000,0x000000001ad60000)]
  0x000000001a0a1800 JavaThread "C1 CompilerThread3" daemon [_thread_blocked, id=9880, stack(0x000000001ab60000,0x000000001ac60000)]
  0x000000001a09c000 JavaThread "C2 CompilerThread2" daemon [_thread_blocked, id=9340, stack(0x000000001aa60000,0x000000001ab60000)]
  0x000000001a08e000 JavaThread "C2 CompilerThread1" daemon [_thread_blocked, id=12084, stack(0x000000001a960000,0x000000001aa60000)]
  0x000000001a08b000 JavaThread "C2 CompilerThread0" daemon [_thread_blocked, id=15992, stack(0x000000001a860000,0x000000001a960000)]
  0x000000001a089800 JavaThread "Attach Listener" daemon [_thread_blocked, id=9712, stack(0x000000001a760000,0x000000001a860000)]
  0x000000001a086000 JavaThread "Signal Dispatcher" daemon [_thread_blocked, id=16248, stack(0x000000001a660000,0x000000001a760000)]
  0x00000000031d9800 JavaThread "Finalizer" daemon [_thread_blocked, id=18268, stack(0x000000001a460000,0x000000001a560000)]
  0x00000000031d8000 JavaThread "Reference Handler" daemon [_thread_blocked, id=18312, stack(0x0000000019f60000,0x000000001a060000)]
  0x00000000030de000 JavaThread "main" [_thread_blocked, id=22488, stack(0x0000000002f20000,0x0000000003020000)]

Other Threads:
  0x0000000018198800 VMThread [stack: 0x0000000019e60000,0x0000000019f60000] [id=13184]
  0x000000001a14c000 WatcherThread [stack: 0x000000001ad60000,0x000000001ae60000] [id=15792]

VM state:not at safepoint (normal execution)

VM Mutex/Monitor currently owned by a thread: None

heap address: 0x0000000081400000, size: 2028 MB, Compressed Oops mode: 32-bit
Narrow klass base: 0x0000000000000000, Narrow klass shift: 3
Compressed class space size: 1073741824 Address: 0x0000000100000000

Heap:
 PSYoungGen      total 38400K, used 21981K [0x00000000d5c00000, 0x00000000d8680000, 0x0000000100000000)
  eden space 33280K, 66% used [0x00000000d5c00000,0x00000000d7177718,0x00000000d7c80000)
  from space 5120K, 0% used [0x00000000d8180000,0x00000000d8180000,0x00000000d8680000)
  to   space 5120K, 0% used [0x00000000d7c80000,0x00000000d7c80000,0x00000000d8180000)
 ParOldGen       total 87552K, used 0K [0x0000000081400000, 0x0000000086980000, 0x00000000d5c00000)
  object space 87552K, 0% used [0x0000000081400000,0x0000000081400000,0x0000000086980000)
 Metaspace       used 14198K, capacity 14394K, committed 14720K, reserved 1062912K
  class space    used 1788K, capacity 1858K, committed 1920K, reserved 1048576K

Card table byte_map: [0x00000000125a0000,0x00000000129a0000] byte_map_base: 0x0000000012196000

Marking Bits: (ParMarkBitMap*) 0x00000000563e5ce0
 Begin Bits: [0x0000000013450000, 0x0000000015400000)
 End Bits:   [0x0000000015400000, 0x00000000173b0000)

Polling page: 0x0000000000df0000

CodeCache: size=245760Kb used=3674Kb max_used=3689Kb free=242085Kb
 bounds [0x00000000031e0000, 0x0000000003580000, 0x00000000121e0000]
 total_blobs=1505 nmethods=985 adapters=433
 compilation: enabled

Compilation events (10 events):
Event: 30.990 Thread 0x000000001a08b000  981       4       com.sun.jna.Native::getNativeSize (567 bytes)
Event: 31.000 Thread 0x000000001a08b000 nmethod 981 0x0000000003570a90 code [0x0000000003570c20, 0x0000000003571118]
Event: 31.222 Thread 0x000000001a08e000  982       4       com.sun.jna.Function::invoke (526 bytes)
Event: 31.279 Thread 0x000000001a08e000 nmethod 982 0x0000000003579510 code [0x0000000003579740, 0x000000000357aff8]
Event: 31.326 Thread 0x000000001a09c000  983       4       com.sun.jna.Function::invoke (526 bytes)
Event: 31.381 Thread 0x000000001a09c000 nmethod 983 0x000000000357c0d0 code [0x000000000357c300, 0x000000000357db58]
Event: 33.622 Thread 0x000000001a08b000  984   !   4       java.util.WeakHashMap::expungeStaleEntries (139 bytes)
Event: 33.624 Thread 0x000000001a08b000 nmethod 984 0x000000000356a010 code [0x000000000356a140, 0x000000000356a1d8]
Event: 34.694 Thread 0x000000001a08e000  985       4       org.apache.log4j.Logger::trace (42 bytes)
Event: 34.699 Thread 0x000000001a08e000 nmethod 985 0x0000000003570650 code [0x00000000035707a0, 0x00000000035708d8]

GC Heap History (0 events):
No events

Deoptimization events (8 events):
Event: 0.916 Thread 0x00000000030de000 Uncommon trap: reason=unstable_if action=reinterpret pc=0x000000000331a5e8 method=java.lang.String.startsWith(Ljava/lang/String;I)Z @ 25
Event: 1.750 Thread 0x00000000030de000 Uncommon trap: reason=unstable_if action=reinterpret pc=0x00000000033af1b8 method=java.lang.String.<init>([CII)V @ 18
Event: 2.517 Thread 0x00000000030de000 Uncommon trap: reason=unstable_if action=reinterpret pc=0x00000000034395bc method=java.util.HashMap.hash(Ljava/lang/Object;)I @ 1
Event: 4.317 Thread 0x000000001b2c6800 Uncommon trap: reason=class_check action=maybe_recompile pc=0x00000000033a1b14 method=java.lang.String.equals(Ljava/lang/Object;)Z @ 8
Event: 4.317 Thread 0x000000001b2c6800 Uncommon trap: reason=class_check action=maybe_recompile pc=0x00000000033a1b14 method=java.lang.String.equals(Ljava/lang/Object;)Z @ 8
Event: 4.317 Thread 0x000000001b2c6800 Uncommon trap: reason=class_check action=maybe_recompile pc=0x00000000033a1b14 method=java.lang.String.equals(Ljava/lang/Object;)Z @ 8
Event: 30.216 Thread 0x000000001b137800 Uncommon trap: reason=unstable_if action=reinterpret pc=0x000000000352ce18 method=java.util.concurrent.locks.AbstractQueuedSynchronizer$ConditionObject.awaitNanos(J)J @ 73
Event: 31.286 Thread 0x000000001b1f9800 Uncommon trap: reason=null_check action=make_not_entrant pc=0x000000000357ab48 method=com.sun.jna.Function.invoke(Ljava/lang/Class;[Ljava/lang/Object;Ljava/util/Map;)Ljava/lang/Object; @ 152

Classes redefined (0 events):
No events

Internal exceptions (10 events):
Event: 0.596 Thread 0x00000000030de000 Exception <a 'java/lang/ClassNotFoundException': org/apache/log4j/FileAppenderCustomizer> (0x00000000d5ef3658) thrown at [C:\re\workspace\8-2-build-windows-amd64-cygwin\jdk8u221\13320\hotspot\src\share\vm\classfile\systemDictionary.cpp, line 210]
Event: 0.620 Thread 0x00000000030de000 Exception <a 'java/lang/ClassNotFoundException': org/apache/log4j/PatternLayoutBeanInfo> (0x00000000d5f49990) thrown at [C:\re\workspace\8-2-build-windows-amd64-cygwin\jdk8u221\13320\hotspot\src\share\vm\classfile\systemDictionary.cpp, line 210]
Event: 0.621 Thread 0x00000000030de000 Exception <a 'java/lang/ClassNotFoundException': org/apache/log4j/LayoutBeanInfo> (0x00000000d5f4c980) thrown at [C:\re\workspace\8-2-build-windows-amd64-cygwin\jdk8u221\13320\hotspot\src\share\vm\classfile\systemDictionary.cpp, line 210]
Event: 0.622 Thread 0x00000000030de000 Exception <a 'java/lang/ClassNotFoundException': org/apache/log4j/LayoutCustomizer> (0x00000000d5f4f800) thrown at [C:\re\workspace\8-2-build-windows-amd64-cygwin\jdk8u221\13320\hotspot\src\share\vm\classfile\systemDictionary.cpp, line 210]
Event: 0.624 Thread 0x00000000030de000 Exception <a 'java/lang/ClassNotFoundException': org/apache/log4j/PatternLayoutCustomizer> (0x00000000d5f56ec0) thrown at [C:\re\workspace\8-2-build-windows-amd64-cygwin\jdk8u221\13320\hotspot\src\share\vm\classfile\systemDictionary.cpp, line 210]
Event: 0.703 Thread 0x00000000030de000 Exception <a 'java/io/FileNotFoundException'> (0x00000000d6030aa0) thrown at [C:\re\workspace\8-2-build-windows-amd64-cygwin\jdk8u221\13320\hotspot\src\share\vm\prims\jni.cpp, line 710]
Event: 0.756 Thread 0x00000000030de000 Exception <a 'java/lang/NoSuchFieldError': method resolution failed> (0x00000000d6102608) thrown at [C:\re\workspace\8-2-build-windows-amd64-cygwin\jdk8u221\13320\hotspot\src\share\vm\prims\methodHandles.cpp, line 1167]
Event: 0.760 Thread 0x00000000030de000 Exception <a 'java/lang/NoSuchFieldError': method resolution failed> (0x00000000d610f928) thrown at [C:\re\workspace\8-2-build-windows-amd64-cygwin\jdk8u221\13320\hotspot\src\share\vm\prims\methodHandles.cpp, line 1167]
Event: 0.905 Thread 0x00000000030de000 Exception <a 'java/io/FileNotFoundException'> (0x00000000d629eb90) thrown at [C:\re\workspace\8-2-build-windows-amd64-cygwin\jdk8u221\13320\hotspot\src\share\vm\prims\jni.cpp, line 710]
Event: 2.517 Thread 0x00000000030de000 Implicit null exception at 0x00000000034393d5 to 0x00000000034395ad

Events (10 events):
Event: 35.280 Thread 0x000000001b008000 Thread exited: 0x000000001b008000
Event: 35.280 Thread 0x000000001b002000 Thread added: 0x000000001b002000
Event: 35.283 loading class java/lang/ProcessBuilder
Event: 35.283 loading class java/lang/ProcessBuilder done
Event: 35.283 loading class java/lang/ProcessImpl
Event: 35.496 Thread 0x000000001b0e8000 Thread exited: 0x000000001b0e8000
Event: 35.498 loading class java/lang/Process
Event: 35.531 loading class java/lang/Process done
Event: 35.531 loading class java/lang/ProcessImpl done
Event: 35.593 Thread 0x000000001b004800 Thread exited: 0x000000001b004800


Dynamic libraries:
0x00007ff600150000 - 0x00007ff600187000 	C:\Program Files\Java\jre1.8.0_221\bin\javaw.exe
0x00007ffd9bce0000 - 0x00007ffd9bed0000 	C:\WINDOWS\SYSTEM32\ntdll.dll
0x00007ffd9ad70000 - 0x00007ffd9ae22000 	C:\WINDOWS\System32\KERNEL32.DLL
0x00007ffd98c70000 - 0x00007ffd98f13000 	C:\WINDOWS\System32\KERNELBASE.dll
0x00007ffd9a220000 - 0x00007ffd9a2c3000 	C:\WINDOWS\System32\ADVAPI32.dll
0x00007ffd9a540000 - 0x00007ffd9a5de000 	C:\WINDOWS\System32\msvcrt.dll
0x00007ffd99f90000 - 0x00007ffd9a027000 	C:\WINDOWS\System32\sechost.dll
0x00007ffd9a030000 - 0x00007ffd9a150000 	C:\WINDOWS\System32\RPCRT4.dll
0x00007ffd9b210000 - 0x00007ffd9b3a4000 	C:\WINDOWS\System32\USER32.dll
0x00007ffd99070000 - 0x00007ffd99091000 	C:\WINDOWS\System32\win32u.dll
0x00007ffd9ad40000 - 0x00007ffd9ad66000 	C:\WINDOWS\System32\GDI32.dll
0x00007ffd991f0000 - 0x00007ffd99384000 	C:\WINDOWS\System32\gdi32full.dll
0x00007ffd99150000 - 0x00007ffd991ee000 	C:\WINDOWS\System32\msvcp_win.dll
0x00007ffd994e0000 - 0x00007ffd995da000 	C:\WINDOWS\System32\ucrtbase.dll
0x00007ffd85ee0000 - 0x00007ffd86165000 	C:\WINDOWS\WinSxS\amd64_microsoft.windows.common-controls_6595b64144ccf1df_6.0.18362.720_none_e6beb5c51314836b\COMCTL32.dll
0x00007ffd9aed0000 - 0x00007ffd9b206000 	C:\WINDOWS\System32\combase.dll
0x00007ffd98f80000 - 0x00007ffd99000000 	C:\WINDOWS\System32\bcryptPrimitives.dll
0x00007ffd9aea0000 - 0x00007ffd9aece000 	C:\WINDOWS\System32\IMM32.DLL
0x00000000571a0000 - 0x0000000057272000 	C:\Program Files\Java\jre1.8.0_221\bin\msvcr100.dll
0x0000000055bc0000 - 0x0000000056465000 	C:\Program Files\Java\jre1.8.0_221\bin\server\jvm.dll
0x00007ffd9a340000 - 0x00007ffd9a348000 	C:\WINDOWS\System32\PSAPI.DLL
0x00007ffd842a0000 - 0x00007ffd842a9000 	C:\WINDOWS\SYSTEM32\WSOCK32.dll
0x00007ffd90d00000 - 0x00007ffd90d0a000 	C:\WINDOWS\SYSTEM32\VERSION.dll
0x00007ffd961b0000 - 0x00007ffd961d4000 	C:\WINDOWS\SYSTEM32\WINMM.dll
0x00007ffd9a2d0000 - 0x00007ffd9a33f000 	C:\WINDOWS\System32\WS2_32.dll
0x00007ffd95960000 - 0x00007ffd9598d000 	C:\WINDOWS\SYSTEM32\winmmbase.dll
0x00007ffd99000000 - 0x00007ffd9904a000 	C:\WINDOWS\System32\cfgmgr32.dll
0x00007ffd94510000 - 0x00007ffd9451f000 	C:\Program Files\Java\jre1.8.0_221\bin\verify.dll
0x00007ffd5a640000 - 0x00007ffd5a669000 	C:\Program Files\Java\jre1.8.0_221\bin\java.dll
0x00007ffd5b690000 - 0x00007ffd5b6a6000 	C:\Program Files\Java\jre1.8.0_221\bin\zip.dll
0x00007ffd9a5e0000 - 0x00007ffd9acc5000 	C:\WINDOWS\System32\SHELL32.dll
0x00007ffd9a170000 - 0x00007ffd9a219000 	C:\WINDOWS\System32\shcore.dll
0x00007ffd99610000 - 0x00007ffd99d90000 	C:\WINDOWS\System32\windows.storage.dll
0x00007ffd98bb0000 - 0x00007ffd98bd3000 	C:\WINDOWS\System32\profapi.dll
0x00007ffd98c20000 - 0x00007ffd98c6a000 	C:\WINDOWS\System32\powrprof.dll
0x00007ffd98ba0000 - 0x00007ffd98bb0000 	C:\WINDOWS\System32\UMPDC.dll
0x00007ffd9acd0000 - 0x00007ffd9ad22000 	C:\WINDOWS\System32\shlwapi.dll
0x00007ffd98be0000 - 0x00007ffd98bf1000 	C:\WINDOWS\System32\kernel.appcore.dll
0x00007ffd99050000 - 0x00007ffd99067000 	C:\WINDOWS\System32\cryptsp.dll
0x00007ffd47c60000 - 0x00007ffd47df9000 	C:\Program Files\Java\jre1.8.0_221\bin\awt.dll
0x00007ffd9b3b0000 - 0x00007ffd9b474000 	C:\WINDOWS\System32\OLEAUT32.dll
0x00007ffd96a60000 - 0x00007ffd96aef000 	C:\WINDOWS\SYSTEM32\apphelp.dll
0x00007ffd96e60000 - 0x00007ffd96ef9000 	C:\WINDOWS\system32\uxtheme.dll
0x00007ffd99e50000 - 0x00007ffd99f86000 	C:\WINDOWS\System32\MSCTF.dll
0x00007ffd9a3e0000 - 0x00007ffd9a537000 	C:\WINDOWS\System32\ole32.dll
0x00007ffd97010000 - 0x00007ffd9703d000 	C:\WINDOWS\system32\DWMAPI.DLL
0x00007ffd97f20000 - 0x00007ffd97f53000 	C:\WINDOWS\system32\rsaenh.dll
0x00007ffd995e0000 - 0x00007ffd99606000 	C:\WINDOWS\System32\bcrypt.dll
0x00007ffd98a90000 - 0x00007ffd98ab5000 	C:\WINDOWS\SYSTEM32\USERENV.dll
0x00007ffd985e0000 - 0x00007ffd985ec000 	C:\WINDOWS\SYSTEM32\CRYPTBASE.dll
0x00007ffd951f0000 - 0x00007ffd9520a000 	C:\Program Files\Java\jre1.8.0_221\bin\net.dll
0x00007ffd867f0000 - 0x00007ffd869c5000 	C:\WINDOWS\SYSTEM32\urlmon.dll
0x00007ffd87260000 - 0x00007ffd87506000 	C:\WINDOWS\SYSTEM32\iertutil.dll
0x00007ffd98410000 - 0x00007ffd98477000 	C:\WINDOWS\system32\mswsock.dll
0x00007ffd98120000 - 0x00007ffd9815a000 	C:\WINDOWS\SYSTEM32\IPHLPAPI.DLL
0x00007ffd9a3d0000 - 0x00007ffd9a3d8000 	C:\WINDOWS\System32\NSI.dll
0x00007ffd973c0000 - 0x00007ffd973d6000 	C:\WINDOWS\SYSTEM32\dhcpcsvc6.DLL
0x00007ffd973a0000 - 0x00007ffd973bc000 	C:\WINDOWS\SYSTEM32\dhcpcsvc.DLL
0x00007ffd981c0000 - 0x00007ffd9828a000 	C:\WINDOWS\SYSTEM32\DNSAPI.dll
0x00007ffd8b6c0000 - 0x00007ffd8b6d2000 	C:\Program Files\Java\jre1.8.0_221\bin\nio.dll
0x0000000180000000 - 0x0000000180037000 	C:\Users\User\AppData\Local\Temp\jna7152813138137763332.dll
0x00007ffd977b0000 - 0x00007ffd977be000 	C:\WINDOWS\SYSTEM32\hid.dll
0x00007ffd9b830000 - 0x00007ffd9bca0000 	C:\WINDOWS\System32\setupapi.dll
0x00007ffd98800000 - 0x00007ffd9882a000 	C:\WINDOWS\System32\DEVOBJ.dll
0x00007ffd98f20000 - 0x00007ffd98f7c000 	C:\WINDOWS\System32\WINTRUST.dll
0x00007ffd98c00000 - 0x00007ffd98c12000 	C:\WINDOWS\System32\MSASN1.dll
0x00007ffd99390000 - 0x00007ffd994d9000 	C:\WINDOWS\System32\CRYPT32.dll
0x00007ffd5a280000 - 0x00007ffd5a2c9000 	C:\Program Files\Java\jre1.8.0_221\bin\fontmanager.dll
0x00007ffd72b60000 - 0x00007ffd72cb6000 	C:\WINDOWS\system32\opengl32.dll
0x00007ffd7af40000 - 0x00007ffd7af6c000 	C:\WINDOWS\SYSTEM32\GLU32.dll
0x00007ffd97810000 - 0x00007ffd97830000 	C:\WINDOWS\SYSTEM32\dxcore.dll
0x00007ffd57a30000 - 0x00007ffd57a72000 	C:\Program Files\Java\jre1.8.0_221\bin\t2k.dll
0x00007ffd87610000 - 0x00007ffd876ae000 	C:\WINDOWS\System32\TextInputFramework.dll
0x00007ffd96900000 - 0x00007ffd969d4000 	C:\WINDOWS\System32\CoreMessaging.dll
0x00007ffd92cf0000 - 0x00007ffd9301a000 	C:\WINDOWS\System32\CoreUIComponents.dll
0x00007ffd97bd0000 - 0x00007ffd97c01000 	C:\WINDOWS\SYSTEM32\ntmarta.dll
0x00007ffd93cc0000 - 0x00007ffd93e13000 	C:\WINDOWS\SYSTEM32\wintypes.dll
0x00007ffd974b0000 - 0x00007ffd976a4000 	C:\WINDOWS\SYSTEM32\dbghelp.dll

VM Arguments:
jvm_args: -Dfile.encoding=Cp1252 
java_command: Main
java_class_path (initial): C:\Users\User\workspace\GroupProject3\bin;C:\Users\User\Desktop\University Resources\London Brunel International College (LBIC)\NC1600B - Group Project (Semester 2)\Finch Java Resources\SourceFiles\finch.jar
Launcher Type: SUN_STANDARD

Environment Variables:
PATH=C:/Program Files/Java/jre1.8.0_221/bin/server;C:/Program Files/Java/jre1.8.0_221/bin;C:/Program Files/Java/jre1.8.0_221/lib/amd64;C:\Program Files (x86)\Common Files\Oracle\Java\javapath;C:\Program Files (x86)\Intel\iCLS Client\;C:\Program Files\Intel\iCLS Client\;C:\windows\system32;C:\windows;C:\windows\System32\Wbem;C:\windows\System32\WindowsPowerShell\v1.0\;C:\Program Files (x86)\NVIDIA Corporation\PhysX\Common;C:\Program Files (x86)\Windows Live\Shared;C:\WINDOWS\system32;C:\WINDOWS;C:\WINDOWS\System32\Wbem;C:\WINDOWS\System32\WindowsPowerShell\v1.0\;C:\WINDOWS\System32\OpenSSH\;C:\Program Files (x86)\Intel\Intel(R) Management Engine Components\DAL;C:\Program Files\Intel\Intel(R) Management Engine Components\DAL;C:\Program Files (x86)\Intel\Intel(R) Management Engine Components\IPT;C:\Program Files\Intel\Intel(R) Management Engine Components\IPT;C:\Program Files\Intel\WiFi\bin\;C:\Program Files\Common Files\Intel\WirelessCommon\;C:\Program Files\Git\cmd;C:\Users\User\AppData\Local\Programs\Python\Python37-32\Scripts\;C:\Users\User\AppData\Local\Programs\Python\Python37-32\;C:\Users\User\AppData\Local\Microsoft\WindowsApps;C:\Program Files\Intel\WiFi\bin\;C:\Program Files\Common Files\Intel\WirelessCommon\;C:\Users\User\AppData\Local\GitHubDesktop\bin;%USERPROFILE%\AppData\Local\Microsoft\WindowsApps;;C:\Users\User\Desktop\University Resources\London Brunel International College (LBIC)\NC1601A - Introductory Programming (Semester 1)\eclipse;
USERNAME=User
OS=Windows_NT
PROCESSOR_IDENTIFIER=Intel64 Family 6 Model 142 Stepping 10, GenuineIntel



---------------  S Y S T E M  ---------------

OS: Windows 10.0 , 64 bit Build 18362 (10.0.18362.329)

CPU:total 8 (initial active 8) (4 cores per cpu, 2 threads per core) family 6 model 142 stepping 10, cmov, cx8, fxsr, mmx, sse, sse2, sse3, ssse3, sse4.1, sse4.2, popcnt, avx, avx2, aes, clmul, erms, 3dnowpref, lzcnt, ht, tsc, tscinvbit, bmi1, bmi2, adx

Memory: 4k page, physical 8303524k(2417356k free), swap 14257740k(2961728k free)

vm_info: Java HotSpot(TM) 64-Bit Server VM (25.221-b11) for windows-amd64 JRE (1.8.0_221-b11), built on Jul  4 2019 04:39:29 by "java_re" with MS VC++ 10.0 (VS2010)

time: Tue Mar 24 20:18:55 2020
timezone: GMT Standard Time
elapsed time: 36 seconds (0d 0h 0m 36s)

