#
# A fatal error has been detected by the Java Runtime Environment:
#
#  EXCEPTION_ACCESS_VIOLATION (0xc0000005) at pc=0x000000005559f977, pid=12736, tid=0x00000000000031a0
#
# JRE version: Java(TM) SE Runtime Environment (8.0_221-b11) (build 1.8.0_221-b11)
# Java VM: Java HotSpot(TM) 64-Bit Server VM (25.221-b11 mixed mode windows-amd64 compressed oops)
# Problematic frame:
# V  [jvm.dll+0x13f977]
#
# Failed to write core dump. Minidumps are not enabled by default on client versions of Windows
#
# If you would like to submit a bug report, please visit:
#   http://bugreport.java.com/bugreport/crash.jsp
#

---------------  T H R E A D  ---------------

Current thread (0x0000000019a53800):  JavaThread "HIDCommandExecutionQueue.executor pool-5-thread-1" daemon [_thread_in_vm, id=12704, stack(0x000000001c870000,0x000000001c970000)]

siginfo: ExceptionCode=0xc0000005, reading address 0x0000000000000000

Registers:
RAX=0x0000000000000000, RBX=0x0000000019a53800, RCX=0x0000000000000380, RDX=0x000000001a7ea7d0
RSP=0x000000001c96e710, RBP=0x0000000000000000, RSI=0x000000001a7ea7d0, RDI=0x0000000000000101
R8 =0x0000000000000000, R9 =0x00000000d6d0bbd0, R10=0x00000000000000bc, R11=0x0000000055c77940
R12=0x0000000000000000, R13=0x00000000000001a6, R14=0x0000000000000158, R15=0x0000000019a53800
RIP=0x000000005559f977, EFLAGS=0x0000000000010202

Top of Stack: (sp=0x000000001c96e710)
0x000000001c96e710:   000005537371466f cccccccccccccccc
0x000000001c96e720:   00000000000001d8 000000001bf6ba58
0x000000001c96e730:   00000000000001d8 0000000180001419
0x000000001c96e740:   00000000000000d4 000000001c96e880
0x000000001c96e750:   000000001bf6ba58 00000000000000d4
0x000000001c96e760:   0000000000000000 000000018000132e
0x000000001c96e770:   000000001c96e850 000000001c96e858
0x000000001c96e780:   000000001c96e860 0000000180002410
0x000000001c96e790:   0000000000000000 00000001800012f8
0x000000001c96e7a0:   00000001800263e8 000000005559e119
0x000000001c96e7b0:   0000000000000001 00000000d5c08ee8
0x000000001c96e7c0:   00000001800263e8 00000000d5c08ee8
0x000000001c96e7d0:   000000001bf34788 0000000002959791
0x000000001c96e7e0:   0000000000000790 00000000d6485878
0x000000001c96e7f0:   000000001c970cf0 00000000000000ec
0x000000001c96e800:   00000000d6485878 0000000180002410 

Instructions: (pc=0x000000005559f977)
0x000000005559f957:   00 00 00 30 74 08 48 8b cb e8 7b 47 10 00 c7 83
0x000000005559f967:   70 02 00 00 06 00 00 00 40 b7 01 48 85 f6 74 60
0x000000005559f977:   48 8b 4d 00 40 32 ff e8 ed 96 f2 ff 48 8b d0 48
0x000000005559f987:   85 c0 74 4c 40 38 3d af 6f 6d 00 4c 8b 06 74 16 


Register to memory mapping:

RAX=0x0000000000000000 is an unknown value
RBX=0x0000000019a53800 is a thread
RCX=0x0000000000000380 is an unknown value
RDX=0x000000001a7ea7d0 is an unknown value
RSP=0x000000001c96e710 is pointing into the stack for thread: 0x0000000019a53800
RBP=0x0000000000000000 is an unknown value
RSI=0x000000001a7ea7d0 is an unknown value
RDI=0x0000000000000101 is an unknown value
R8 =0x0000000000000000 is an unknown value
R9 =0x00000000d6d0bbd0 is an oop
[Ljava.lang.Object; 
 - klass: 'java/lang/Object'[]
 - length: 5
R10=0x00000000000000bc is an unknown value
R11=0x0000000055c77940 is an unknown value
R12=0x0000000000000000 is an unknown value
R13=0x00000000000001a6 is an unknown value
R14=0x0000000000000158 is an unknown value
R15=0x0000000019a53800 is a thread


Stack: [0x000000001c870000,0x000000001c970000],  sp=0x000000001c96e710,  free space=1017k
Native frames: (J=compiled Java code, j=interpreted, Vv=VM code, C=native code)

Java frames: (J=compiled Java code, j=interpreted, Vv=VM code)
J 1014  com.sun.jna.Function.invokeInt(I[Ljava/lang/Object;)I (0 bytes) @ 0x0000000002bc954f [0x0000000002bc9500+0x4f]
J 825 C1 com.sun.jna.Function.invoke([Ljava/lang/Object;Ljava/lang/Class;Z)Ljava/lang/Object; (1125 bytes) @ 0x0000000002b38094 [0x0000000002b37980+0x714]
J 826 C1 com.sun.jna.Function.invoke(Ljava/lang/Class;[Ljava/lang/Object;Ljava/util/Map;)Ljava/lang/Object; (526 bytes) @ 0x0000000002b4a5dc [0x0000000002b492a0+0x133c]
J 1045 C1 com.sun.jna.Library$Handler.invoke(Ljava/lang/Object;Ljava/lang/reflect/Method;[Ljava/lang/Object;)Ljava/lang/Object; (345 bytes) @ 0x0000000002be591c [0x0000000002be3700+0x221c]
j  com.sun.proxy.$Proxy2.WriteFile(Lcom/sun/jna/ptr/PointerByReference;[BILcom/sun/jna/ptr/IntByReference;Lcom/sun/jna/ptr/IntByReference;)Z+37
j  edu.cmu.ri.createlab.usb.hid.windows.WindowsHIDDevice.write([B)Ledu/cmu/ri/createlab/usb/hid/HIDWriteStatus;+207
j  edu.cmu.ri.createlab.usb.hid.CreateLabHIDCommandStrategy.execute(Ledu/cmu/ri/createlab/usb/hid/HIDDevice;)Ledu/cmu/ri/createlab/usb/hid/HIDCommandResponse;+15
j  edu.cmu.ri.createlab.usb.hid.CreateLabHIDCommandStrategy.execute(Ljava/lang/Object;)Ledu/cmu/ri/createlab/util/commandexecution/CommandResponse;+5
j  edu.cmu.ri.createlab.usb.hid.HIDCommand.call()Ledu/cmu/ri/createlab/usb/hid/HIDCommandResponse;+8
j  edu.cmu.ri.createlab.usb.hid.HIDCommand.call()Ljava/lang/Object;+1
j  java.util.concurrent.FutureTask.run()V+42
j  java.util.concurrent.ThreadPoolExecutor.runWorker(Ljava/util/concurrent/ThreadPoolExecutor$Worker;)V+95
j  java.util.concurrent.ThreadPoolExecutor$Worker.run()V+5
j  java.lang.Thread.run()V+11
v  ~StubRoutines::call_stub

---------------  P R O C E S S  ---------------

Java Threads: ( => current thread )
  0x000000001a7d5000 JavaThread "AWT-Shutdown" [_thread_blocked, id=8384, stack(0x000000001d970000,0x000000001da70000)]
  0x000000001a7d4800 JavaThread "DestroyJavaVM" [_thread_blocked, id=13008, stack(0x0000000002600000,0x0000000002700000)]
=>0x0000000019a53800 JavaThread "HIDCommandExecutionQueue.executor pool-5-thread-1" daemon [_thread_in_vm, id=12704, stack(0x000000001c870000,0x000000001c970000)]
  0x0000000019871000 JavaThread "FinchController.peerPingScheduler pool-6-thread-1" daemon [_thread_blocked, id=21484, stack(0x000000001c770000,0x000000001c870000)]
  0x000000001a7bf800 JavaThread "BaseCreateLabDeviceConnectivityManager.executorService pool-1-thread-1" daemon [_thread_blocked, id=18712, stack(0x000000001bd80000,0x000000001be80000)]
  0x000000001a7bb800 JavaThread "DatasetPlotter.executorService pool-4-thread-1" daemon [_thread_blocked, id=18008, stack(0x000000001bc80000,0x000000001bd80000)]
  0x000000001a7ba800 JavaThread "DatasetPlotter.executorService pool-3-thread-1" daemon [_thread_blocked, id=3812, stack(0x000000001bb80000,0x000000001bc80000)]
  0x000000001a7ba000 JavaThread "DatasetPlotter.executorService pool-2-thread-1" daemon [_thread_blocked, id=17140, stack(0x000000001ba80000,0x000000001bb80000)]
  0x000000001a753000 JavaThread "Java2D Disposer" daemon [_thread_blocked, id=18244, stack(0x000000001ae00000,0x000000001af00000)]
  0x0000000019770800 JavaThread "Service Thread" daemon [_thread_blocked, id=19072, stack(0x000000001a2c0000,0x000000001a3c0000)]
  0x000000001973d800 JavaThread "C1 CompilerThread3" daemon [_thread_blocked, id=21088, stack(0x000000001a1c0000,0x000000001a2c0000)]
  0x000000001972f000 JavaThread "C2 CompilerThread2" daemon [_thread_blocked, id=10132, stack(0x000000001a0c0000,0x000000001a1c0000)]
  0x00000000196f3800 JavaThread "C2 CompilerThread1" daemon [_thread_blocked, id=12076, stack(0x0000000019fc0000,0x000000001a0c0000)]
  0x00000000196ea800 JavaThread "C2 CompilerThread0" daemon [_thread_blocked, id=10436, stack(0x0000000019ec0000,0x0000000019fc0000)]
  0x00000000196e8800 JavaThread "Attach Listener" daemon [_thread_blocked, id=19080, stack(0x0000000019dc0000,0x0000000019ec0000)]
  0x00000000196e7000 JavaThread "Signal Dispatcher" daemon [_thread_blocked, id=12912, stack(0x0000000019cc0000,0x0000000019dc0000)]
  0x00000000027f9800 JavaThread "Finalizer" daemon [_thread_blocked, id=21040, stack(0x0000000019ac0000,0x0000000019bc0000)]
  0x00000000027f8000 JavaThread "Reference Handler" daemon [_thread_blocked, id=9828, stack(0x00000000195c0000,0x00000000196c0000)]

Other Threads:
  0x00000000177b8800 VMThread [stack: 0x00000000194c0000,0x00000000195c0000] [id=19288]
  0x0000000019773000 WatcherThread [stack: 0x000000001a3c0000,0x000000001a4c0000] [id=17040]

VM state:not at safepoint (normal execution)

VM Mutex/Monitor currently owned by a thread: None

heap address: 0x0000000081400000, size: 2028 MB, Compressed Oops mode: 32-bit
Narrow klass base: 0x0000000000000000, Narrow klass shift: 3
Compressed class space size: 1073741824 Address: 0x0000000100000000

Heap:
 PSYoungGen      total 38400K, used 25988K [0x00000000d5c00000, 0x00000000d8680000, 0x0000000100000000)
  eden space 33280K, 78% used [0x00000000d5c00000,0x00000000d75611c8,0x00000000d7c80000)
  from space 5120K, 0% used [0x00000000d8180000,0x00000000d8180000,0x00000000d8680000)
  to   space 5120K, 0% used [0x00000000d7c80000,0x00000000d7c80000,0x00000000d8180000)
 ParOldGen       total 87552K, used 0K [0x0000000081400000, 0x0000000086980000, 0x00000000d5c00000)
  object space 87552K, 0% used [0x0000000081400000,0x0000000081400000,0x0000000086980000)
 Metaspace       used 14330K, capacity 14572K, committed 14720K, reserved 1062912K
  class space    used 1805K, capacity 1893K, committed 1920K, reserved 1048576K

Card table byte_map: [0x0000000011bc0000,0x0000000011fc0000] byte_map_base: 0x00000000117b6000

Marking Bits: (ParMarkBitMap*) 0x0000000055c85ce0
 Begin Bits: [0x0000000012a70000, 0x0000000014a20000)
 End Bits:   [0x0000000014a20000, 0x00000000169d0000)

Polling page: 0x00000000008a0000

CodeCache: size=245760Kb used=4003Kb max_used=4016Kb free=241756Kb
 bounds [0x0000000002800000, 0x0000000002bf0000, 0x0000000011800000]
 total_blobs=1580 nmethods=1057 adapters=435
 compilation: enabled

Compilation events (10 events):
Event: 55.155 Thread 0x000000001973d800 1057       3       sun.nio.cs.StreamEncoder::implFlushBuffer (15 bytes)
Event: 55.155 Thread 0x000000001973d800 nmethod 1057 0x0000000002be8590 code [0x0000000002be8700, 0x0000000002be8968]
Event: 55.163 Thread 0x000000001973d800 1058       1       edu.cmu.ri.createlab.terk.robot.finch.LocalFinchConnectionStrategy::getServiceManager (5 bytes)
Event: 55.163 Thread 0x000000001973d800 nmethod 1058 0x0000000002be8a10 code [0x0000000002be8b60, 0x0000000002be8c70]
Event: 55.934 Thread 0x000000001973d800 1059       3       com.sun.jna.ptr.ByReference::<init> (18 bytes)
Event: 55.934 Thread 0x000000001973d800 nmethod 1059 0x0000000002be8cd0 code [0x0000000002be8e60, 0x0000000002be9228]
Event: 55.934 Thread 0x000000001973d800 1060       3       com.sun.jna.PointerType::<init> (12 bytes)
Event: 55.934 Thread 0x000000001973d800 nmethod 1060 0x0000000002be9390 code [0x0000000002be94e0, 0x0000000002be96b0]
Event: 55.998 Thread 0x00000000196f3800 1061  s    4       java.lang.StringBuffer::append (13 bytes)
Event: 56.008 Thread 0x00000000196f3800 nmethod 1061 0x0000000002beca50 code [0x0000000002becbc0, 0x0000000002bed2a8]

GC Heap History (0 events):
No events

Deoptimization events (10 events):
Event: 40.864 Thread 0x000000001a756800 Uncommon trap: reason=class_check action=maybe_recompile pc=0x0000000002bb13c8 method=java.util.HashMap.putVal(ILjava/lang/Object;Ljava/lang/Object;ZZ)Ljava/lang/Object; @ 203
Event: 40.864 Thread 0x000000001a756800 Uncommon trap: reason=class_check action=maybe_recompile pc=0x0000000002bb13c8 method=java.util.HashMap.putVal(ILjava/lang/Object;Ljava/lang/Object;ZZ)Ljava/lang/Object; @ 203
Event: 40.864 Thread 0x000000001a756800 Uncommon trap: reason=class_check action=maybe_recompile pc=0x0000000002bb13c8 method=java.util.HashMap.putVal(ILjava/lang/Object;Ljava/lang/Object;ZZ)Ljava/lang/Object; @ 203
Event: 41.027 Thread 0x00000000025fe000 Uncommon trap: reason=unstable_if action=reinterpret pc=0x0000000002adce14 method=java.util.concurrent.locks.ReentrantLock$Sync.nonfairTryAcquire(I)Z @ 10
Event: 41.027 Thread 0x000000001a7d8000 Uncommon trap: reason=unstable_if action=reinterpret pc=0x0000000002b11b88 method=java.util.concurrent.locks.ReentrantLock$Sync.nonfairTryAcquire(I)Z @ 10
Event: 47.299 Thread 0x000000001a7d8000 Uncommon trap: reason=class_check action=maybe_recompile pc=0x00000000029b6dd4 method=java.lang.String.equals(Ljava/lang/Object;)Z @ 8
Event: 47.299 Thread 0x000000001a7d8000 Uncommon trap: reason=class_check action=maybe_recompile pc=0x00000000029b6dd4 method=java.lang.String.equals(Ljava/lang/Object;)Z @ 8
Event: 47.299 Thread 0x000000001a7d8000 Uncommon trap: reason=class_check action=maybe_recompile pc=0x00000000029b6dd4 method=java.lang.String.equals(Ljava/lang/Object;)Z @ 8
Event: 50.226 Thread 0x000000001a7ba000 Uncommon trap: reason=unstable_if action=reinterpret pc=0x0000000002b17b80 method=java.util.concurrent.locks.AbstractQueuedSynchronizer$ConditionObject.signal()V @ 24
Event: 50.227 Thread 0x000000001a7ba800 Uncommon trap: reason=unstable_if action=reinterpret pc=0x0000000002b08ef4 method=java.util.concurrent.locks.AbstractQueuedSynchronizer$ConditionObject.signal()V @ 24

Classes redefined (0 events):
No events

Internal exceptions (10 events):
Event: 1.121 Thread 0x00000000025fe000 Exception <a 'java/lang/ClassNotFoundException': org/apache/log4j/PatternLayoutCustomizer> (0x00000000d5f569c0) thrown at [C:\re\workspace\8-2-build-windows-amd64-cygwin\jdk8u221\13320\hotspot\src\share\vm\classfile\systemDictionary.cpp, line 210]
Event: 1.327 Thread 0x00000000025fe000 Exception <a 'java/io/FileNotFoundException'> (0x00000000d6031100) thrown at [C:\re\workspace\8-2-build-windows-amd64-cygwin\jdk8u221\13320\hotspot\src\share\vm\prims\jni.cpp, line 710]
Event: 1.416 Thread 0x00000000025fe000 Exception <a 'java/lang/NoSuchFieldError': method resolution failed> (0x00000000d61021a8) thrown at [C:\re\workspace\8-2-build-windows-amd64-cygwin\jdk8u221\13320\hotspot\src\share\vm\prims\methodHandles.cpp, line 1167]
Event: 1.421 Thread 0x00000000025fe000 Exception <a 'java/lang/NoSuchFieldError': method resolution failed> (0x00000000d610f4c8) thrown at [C:\re\workspace\8-2-build-windows-amd64-cygwin\jdk8u221\13320\hotspot\src\share\vm\prims\methodHandles.cpp, line 1167]
Event: 1.798 Thread 0x00000000025fe000 Exception <a 'java/io/FileNotFoundException'> (0x00000000d629e638) thrown at [C:\re\workspace\8-2-build-windows-amd64-cygwin\jdk8u221\13320\hotspot\src\share\vm\prims\jni.cpp, line 710]
Event: 34.056 Thread 0x000000001a7bf800 Implicit null exception at 0x0000000002b14066 to 0x0000000002b14319
Event: 34.079 Thread 0x000000001a7bf800 Implicit null exception at 0x0000000002b1f14c to 0x0000000002b1f63d
Event: 40.604 Thread 0x00000000025fe000 Implicit null exception at 0x0000000002a78615 to 0x0000000002a787ed
Event: 50.226 Thread 0x000000001a7ba000 Implicit null exception at 0x0000000002b17380 to 0x0000000002b17b61
Event: 50.227 Thread 0x000000001a7ba800 Implicit null exception at 0x0000000002b08c26 to 0x0000000002b08edd

Events (10 events):
Event: 55.996 Thread 0x000000001a7d5000 Thread exited: 0x000000001a7d5000
Event: 55.996 Thread 0x000000001a7d5000 Thread added: 0x000000001a7d5000
Event: 55.997 loading class java/lang/ProcessBuilder
Event: 55.998 loading class java/lang/ProcessBuilder done
Event: 55.998 loading class java/lang/ProcessImpl
Event: 55.998 loading class java/lang/Process
Event: 55.998 loading class java/lang/Process done
Event: 55.998 loading class java/lang/ProcessImpl done
Event: 56.003 Thread 0x000000001a756800 Thread exited: 0x000000001a756800
Event: 56.097 Thread 0x000000001a7d8000 Thread exited: 0x000000001a7d8000


Dynamic libraries:
0x00007ff7000d0000 - 0x00007ff700107000 	C:\Program Files\Java\jre1.8.0_221\bin\javaw.exe
0x00007ffb999e0000 - 0x00007ffb99bd0000 	C:\WINDOWS\SYSTEM32\ntdll.dll
0x00007ffb98010000 - 0x00007ffb980c2000 	C:\WINDOWS\System32\KERNEL32.DLL
0x00007ffb976c0000 - 0x00007ffb97963000 	C:\WINDOWS\System32\KERNELBASE.dll
0x00007ffb98d70000 - 0x00007ffb98e13000 	C:\WINDOWS\System32\ADVAPI32.dll
0x00007ffb97cc0000 - 0x00007ffb97d5e000 	C:\WINDOWS\System32\msvcrt.dll
0x00007ffb994f0000 - 0x00007ffb99587000 	C:\WINDOWS\System32\sechost.dll
0x00007ffb99590000 - 0x00007ffb996b0000 	C:\WINDOWS\System32\RPCRT4.dll
0x00007ffb996b0000 - 0x00007ffb99844000 	C:\WINDOWS\System32\USER32.dll
0x00007ffb973f0000 - 0x00007ffb97411000 	C:\WINDOWS\System32\win32u.dll
0x00007ffb97a90000 - 0x00007ffb97ab6000 	C:\WINDOWS\System32\GDI32.dll
0x00007ffb97250000 - 0x00007ffb973e4000 	C:\WINDOWS\System32\gdi32full.dll
0x00007ffb97420000 - 0x00007ffb974be000 	C:\WINDOWS\System32\msvcp_win.dll
0x00007ffb96970000 - 0x00007ffb96a6a000 	C:\WINDOWS\System32\ucrtbase.dll
0x00007ffb7ecb0000 - 0x00007ffb7ef35000 	C:\WINDOWS\WinSxS\amd64_microsoft.windows.common-controls_6595b64144ccf1df_6.0.18362.720_none_e6beb5c51314836b\COMCTL32.dll
0x00007ffb98980000 - 0x00007ffb98cb6000 	C:\WINDOWS\System32\combase.dll
0x00007ffb97640000 - 0x00007ffb976c0000 	C:\WINDOWS\System32\bcryptPrimitives.dll
0x00007ffb97ec0000 - 0x00007ffb97eee000 	C:\WINDOWS\System32\IMM32.DLL
0x0000000056b00000 - 0x0000000056bd2000 	C:\Program Files\Java\jre1.8.0_221\bin\msvcr100.dll
0x0000000055460000 - 0x0000000055d05000 	C:\Program Files\Java\jre1.8.0_221\bin\server\jvm.dll
0x00007ffb99850000 - 0x00007ffb99858000 	C:\WINDOWS\System32\PSAPI.DLL
0x00007ffb942c0000 - 0x00007ffb942e4000 	C:\WINDOWS\SYSTEM32\WINMM.dll
0x00007ffb92790000 - 0x00007ffb9279a000 	C:\WINDOWS\SYSTEM32\VERSION.dll
0x00007ffb82b80000 - 0x00007ffb82b89000 	C:\WINDOWS\SYSTEM32\WSOCK32.dll
0x00007ffb94290000 - 0x00007ffb942bd000 	C:\WINDOWS\SYSTEM32\WINMMBASE.dll
0x00007ffb99860000 - 0x00007ffb998cf000 	C:\WINDOWS\System32\WS2_32.dll
0x00007ffb97a40000 - 0x00007ffb97a8a000 	C:\WINDOWS\System32\cfgmgr32.dll
0x00007ffb94430000 - 0x00007ffb9443f000 	C:\Program Files\Java\jre1.8.0_221\bin\verify.dll
0x00007ffb896f0000 - 0x00007ffb89719000 	C:\Program Files\Java\jre1.8.0_221\bin\java.dll
0x00007ffb7cd30000 - 0x00007ffb7cd46000 	C:\Program Files\Java\jre1.8.0_221\bin\zip.dll
0x00007ffb980d0000 - 0x00007ffb987b5000 	C:\WINDOWS\System32\SHELL32.dll
0x00007ffb98cc0000 - 0x00007ffb98d69000 	C:\WINDOWS\System32\shcore.dll
0x00007ffb96a70000 - 0x00007ffb971f0000 	C:\WINDOWS\System32\windows.storage.dll
0x00007ffb96940000 - 0x00007ffb96963000 	C:\WINDOWS\System32\profapi.dll
0x00007ffb968d0000 - 0x00007ffb9691a000 	C:\WINDOWS\System32\powrprof.dll
0x00007ffb968a0000 - 0x00007ffb968b0000 	C:\WINDOWS\System32\UMPDC.dll
0x00007ffb97ac0000 - 0x00007ffb97b12000 	C:\WINDOWS\System32\shlwapi.dll
0x00007ffb968b0000 - 0x00007ffb968c1000 	C:\WINDOWS\System32\kernel.appcore.dll
0x00007ffb97970000 - 0x00007ffb97987000 	C:\WINDOWS\System32\cryptsp.dll
0x00007ffb55f90000 - 0x00007ffb56129000 	C:\Program Files\Java\jre1.8.0_221\bin\awt.dll
0x00007ffb998d0000 - 0x00007ffb99994000 	C:\WINDOWS\System32\OLEAUT32.dll
0x00007ffb94620000 - 0x00007ffb946af000 	C:\WINDOWS\SYSTEM32\apphelp.dll
0x00007ffb94a40000 - 0x00007ffb94ad9000 	C:\WINDOWS\system32\uxtheme.dll
0x00007ffb98f20000 - 0x00007ffb99056000 	C:\WINDOWS\System32\MSCTF.dll
0x00007ffb97d60000 - 0x00007ffb97eb7000 	C:\WINDOWS\System32\ole32.dll
0x00007ffb94cc0000 - 0x00007ffb94ced000 	C:\WINDOWS\system32\DWMAPI.DLL
0x00007ffb95c20000 - 0x00007ffb95c53000 	C:\WINDOWS\system32\rsaenh.dll
0x00007ffb97610000 - 0x00007ffb97636000 	C:\WINDOWS\System32\bcrypt.dll
0x00007ffb96790000 - 0x00007ffb967b5000 	C:\WINDOWS\SYSTEM32\USERENV.dll
0x00007ffb962e0000 - 0x00007ffb962ec000 	C:\WINDOWS\SYSTEM32\CRYPTBASE.dll
0x00007ffb718f0000 - 0x00007ffb7190a000 	C:\Program Files\Java\jre1.8.0_221\bin\net.dll
0x00007ffb8bab0000 - 0x00007ffb8bc85000 	C:\WINDOWS\SYSTEM32\urlmon.dll
0x00007ffb88a90000 - 0x00007ffb88d36000 	C:\WINDOWS\SYSTEM32\iertutil.dll
0x00007ffb96110000 - 0x00007ffb96177000 	C:\WINDOWS\system32\mswsock.dll
0x00007ffb95dc0000 - 0x00007ffb95dfa000 	C:\WINDOWS\SYSTEM32\IPHLPAPI.DLL
0x00007ffb97b80000 - 0x00007ffb97b88000 	C:\WINDOWS\System32\NSI.dll
0x00007ffb950c0000 - 0x00007ffb950d6000 	C:\WINDOWS\SYSTEM32\dhcpcsvc6.DLL
0x00007ffb950a0000 - 0x00007ffb950bc000 	C:\WINDOWS\SYSTEM32\dhcpcsvc.DLL
0x00007ffb95e00000 - 0x00007ffb95eca000 	C:\WINDOWS\SYSTEM32\DNSAPI.dll
0x00007ffb6e640000 - 0x00007ffb6e652000 	C:\Program Files\Java\jre1.8.0_221\bin\nio.dll
0x0000000180000000 - 0x0000000180037000 	C:\Users\User\AppData\Local\Temp\jna6586503215924864031.dll
0x00007ffb95100000 - 0x00007ffb9510e000 	C:\WINDOWS\SYSTEM32\hid.dll
0x00007ffb99060000 - 0x00007ffb994d0000 	C:\WINDOWS\System32\setupapi.dll
0x00007ffb966c0000 - 0x00007ffb966ea000 	C:\WINDOWS\System32\DEVOBJ.dll
0x00007ffb971f0000 - 0x00007ffb9724c000 	C:\WINDOWS\System32\WINTRUST.dll
0x00007ffb96920000 - 0x00007ffb96932000 	C:\WINDOWS\System32\MSASN1.dll
0x00007ffb974c0000 - 0x00007ffb97609000 	C:\WINDOWS\System32\CRYPT32.dll
0x00007ffb62710000 - 0x00007ffb62759000 	C:\Program Files\Java\jre1.8.0_221\bin\fontmanager.dll
0x00007ffb755e0000 - 0x00007ffb75736000 	C:\WINDOWS\system32\opengl32.dll
0x00007ffb8aff0000 - 0x00007ffb8b01c000 	C:\WINDOWS\SYSTEM32\GLU32.dll
0x00007ffb95510000 - 0x00007ffb95530000 	C:\WINDOWS\SYSTEM32\dxcore.dll
0x00007ffb59b20000 - 0x00007ffb59b62000 	C:\Program Files\Java\jre1.8.0_221\bin\t2k.dll
0x00007ffb89d70000 - 0x00007ffb89e0e000 	C:\WINDOWS\System32\TextInputFramework.dll
0x00007ffb91130000 - 0x00007ffb9145a000 	C:\WINDOWS\System32\CoreUIComponents.dll
0x00007ffb944f0000 - 0x00007ffb945c4000 	C:\WINDOWS\System32\CoreMessaging.dll
0x00007ffb959b0000 - 0x00007ffb959e1000 	C:\WINDOWS\SYSTEM32\ntmarta.dll
0x00007ffb90fd0000 - 0x00007ffb91123000 	C:\WINDOWS\SYSTEM32\wintypes.dll
0x00007ffb95210000 - 0x00007ffb95404000 	C:\WINDOWS\SYSTEM32\dbghelp.dll

VM Arguments:
jvm_args: -Dfile.encoding=Cp1252 
java_command: Main
java_class_path (initial): C:\Users\User\workspace\GroupProject3\bin;C:\Users\User\Desktop\University Resources\London Brunel International College (LBIC)\NC1600B - Group Project (Semester 2)\Finch Java Resources\SourceFiles\finch.jar
Launcher Type: SUN_STANDARD

Environment Variables:
PATH=C:/Program Files/Java/jre1.8.0_221/bin/server;C:/Program Files/Java/jre1.8.0_221/bin;C:/Program Files/Java/jre1.8.0_221/lib/amd64;C:\Program Files (x86)\Common Files\Oracle\Java\javapath;C:\Program Files (x86)\Intel\iCLS Client\;C:\Program Files\Intel\iCLS Client\;C:\windows\system32;C:\windows;C:\windows\System32\Wbem;C:\windows\System32\WindowsPowerShell\v1.0\;C:\Program Files (x86)\NVIDIA Corporation\PhysX\Common;C:\Program Files (x86)\Windows Live\Shared;C:\WINDOWS\system32;C:\WINDOWS;C:\WINDOWS\System32\Wbem;C:\WINDOWS\System32\WindowsPowerShell\v1.0\;C:\WINDOWS\System32\OpenSSH\;C:\Program Files (x86)\Intel\Intel(R) Management Engine Components\DAL;C:\Program Files\Intel\Intel(R) Management Engine Components\DAL;C:\Program Files (x86)\Intel\Intel(R) Management Engine Components\IPT;C:\Program Files\Intel\Intel(R) Management Engine Components\IPT;C:\Program Files\Intel\WiFi\bin\;C:\Program Files\Common Files\Intel\WirelessCommon\;C:\Program Files\Git\cmd;C:\Users\User\AppData\Local\Programs\Python\Python37-32\Scripts\;C:\Users\User\AppData\Local\Programs\Python\Python37-32\;C:\Users\User\AppData\Local\Microsoft\WindowsApps;C:\Program Files\Intel\WiFi\bin\;C:\Program Files\Common Files\Intel\WirelessCommon\;C:\Users\User\AppData\Local\GitHubDesktop\bin;%USERPROFILE%\AppData\Local\Microsoft\WindowsApps;;C:\Users\User\Desktop\University Resources\London Brunel International College (LBIC)\NC1601A - Introductory Programming (Semester 1)\eclipse;
USERNAME=User
OS=Windows_NT
PROCESSOR_IDENTIFIER=Intel64 Family 6 Model 142 Stepping 10, GenuineIntel



---------------  S Y S T E M  ---------------

OS: Windows 10.0 , 64 bit Build 18362 (10.0.18362.329)

CPU:total 8 (initial active 8) (4 cores per cpu, 2 threads per core) family 6 model 142 stepping 10, cmov, cx8, fxsr, mmx, sse, sse2, sse3, ssse3, sse4.1, sse4.2, popcnt, avx, avx2, aes, clmul, erms, 3dnowpref, lzcnt, ht, tsc, tscinvbit, bmi1, bmi2, adx

Memory: 4k page, physical 8303524k(2864624k free), swap 14840024k(5471872k free)

vm_info: Java HotSpot(TM) 64-Bit Server VM (25.221-b11) for windows-amd64 JRE (1.8.0_221-b11), built on Jul  4 2019 04:39:29 by "java_re" with MS VC++ 10.0 (VS2010)

time: Tue Mar 31 18:40:38 2020
timezone: GMT Daylight Time
elapsed time: 56 seconds (0d 0h 0m 56s)

