#
# A fatal error has been detected by the Java Runtime Environment:
#
#  EXCEPTION_ACCESS_VIOLATION (0xc0000005) at pc=0x000000005601f977, pid=20748, tid=0x0000000000002b80
#
# JRE version: Java(TM) SE Runtime Environment (8.0_221-b11) (build 1.8.0_221-b11)
# Java VM: Java HotSpot(TM) 64-Bit Server VM (25.221-b11 mixed mode windows-amd64 compressed oops)
# Problematic frame:
# V  [jvm.dll+0x13f977]
#
# Failed to write core dump. Minidumps are not enabled by default on client versions of Windows
#
# If you would like to submit a bug report, please visit:
#   http://bugreport.java.com/bugreport/crash.jsp
#

---------------  T H R E A D  ---------------

Current thread (0x000000001b294000):  JavaThread "HIDCommandExecutionQueue.executor pool-5-thread-1" daemon [_thread_in_vm, id=11136, stack(0x000000001cf40000,0x000000001d040000)]

siginfo: ExceptionCode=0xc0000005, reading address 0x0000000000000000

Registers:
RAX=0x0000000000000000, RBX=0x000000001b294000, RCX=0x0000000000000400, RDX=0x000000001b2650a0
RSP=0x000000001d03df00, RBP=0x0000000000000000, RSI=0x000000001b2650a0, RDI=0x0000000000000101
R8 =0x0000000000000000, R9 =0x00000000d70559e8, R10=0x00000000000000a6, R11=0x00000000566f7940
R12=0x0000000000000000, R13=0x00000000d6873e88, R14=0x0000000000000000, R15=0x000000001b294000
RIP=0x000000005601f977, EFLAGS=0x0000000000010206

Top of Stack: (sp=0x000000001d03df00)
0x000000001d03df00:   0000fe04320ad704 000000001d7807f8
0x000000001d03df10:   00000000000001d8 000000001d7807f8
0x000000001d03df20:   00000000000001d8 0000000180001419
0x000000001d03df30:   00000000000010e5 000000001d03e070
0x000000001d03df40:   000000001d7807f8 00000000000010e5
0x000000001d03df50:   00000000d6a4f700 000000018000132e
0x000000001d03df60:   000000001d7807f8 000000001d03df80
0x000000001d03df70:   000000001d03dfb0 0000000180002410
0x000000001d03df80:   00000000d6a4f700 00000001800012f8
0x000000001d03df90:   000000001d03e070 000000001d03e078
0x000000001d03dfa0:   000000001d03e080 00000001800012f8
0x000000001d03dfb0:   00000001800263e8 00000001800263e8
0x000000001d03dfc0:   00000001800263a0 00000001800263e8
0x000000001d03dfd0:   00000001800263e8 0000000000000556
0x000000001d03dfe0:   000000001b2650a8 000000001b0dbf00
0x000000001d03dff0:   000000005603ad30 0000000180002410 

Instructions: (pc=0x000000005601f977)
0x000000005601f957:   00 00 00 30 74 08 48 8b cb e8 7b 47 10 00 c7 83
0x000000005601f967:   70 02 00 00 06 00 00 00 40 b7 01 48 85 f6 74 60
0x000000005601f977:   48 8b 4d 00 40 32 ff e8 ed 96 f2 ff 48 8b d0 48
0x000000005601f987:   85 c0 74 4c 40 38 3d af 6f 6d 00 4c 8b 06 74 16 


Register to memory mapping:

RAX=0x0000000000000000 is an unknown value
RBX=0x000000001b294000 is a thread
RCX=0x0000000000000400 is an unknown value
RDX=0x000000001b2650a0 is an unknown value
RSP=0x000000001d03df00 is pointing into the stack for thread: 0x000000001b294000
RBP=0x0000000000000000 is an unknown value
RSI=0x000000001b2650a0 is an unknown value
RDI=0x0000000000000101 is an unknown value
R8 =0x0000000000000000 is an unknown value
R9 =0x00000000d70559e8 is an oop
[Ljava.lang.Object; 
 - klass: 'java/lang/Object'[]
 - length: 5
R10=0x00000000000000a6 is an unknown value
R11=0x00000000566f7940 is an unknown value
R12=0x0000000000000000 is an unknown value
R13=0x00000000d6873e88 is an oop
java.lang.reflect.Method 
 - klass: 'java/lang/reflect/Method'
R14=0x0000000000000000 is an unknown value
R15=0x000000001b294000 is a thread


Stack: [0x000000001cf40000,0x000000001d040000],  sp=0x000000001d03df00,  free space=1015k
Native frames: (J=compiled Java code, j=interpreted, Vv=VM code, C=native code)

Java frames: (J=compiled Java code, j=interpreted, Vv=VM code)
J 921  com.sun.jna.Function.invokeInt(I[Ljava/lang/Object;)I (0 bytes) @ 0x00000000035b638f [0x00000000035b6340+0x4f]
J 917 C1 com.sun.jna.Function.invoke([Ljava/lang/Object;Ljava/lang/Class;Z)Ljava/lang/Object; (1125 bytes) @ 0x00000000035a2a14 [0x00000000035a2300+0x714]
J 1004 C2 com.sun.jna.Function.invoke(Ljava/lang/Class;[Ljava/lang/Object;Ljava/util/Map;)Ljava/lang/Object; (526 bytes) @ 0x0000000003615d70 [0x0000000003614f40+0xe30]
J 916 C1 com.sun.jna.Library$Handler.invoke(Ljava/lang/Object;Ljava/lang/reflect/Method;[Ljava/lang/Object;)Ljava/lang/Object; (345 bytes) @ 0x000000000359ef94 [0x000000000359cd80+0x2214]
J 992 C1 com.sun.proxy.$Proxy2.WriteFile(Lcom/sun/jna/ptr/PointerByReference;[BILcom/sun/jna/ptr/IntByReference;Lcom/sun/jna/ptr/IntByReference;)Z (62 bytes) @ 0x00000000036021fc [0x00000000036018e0+0x91c]
J 990 C1 edu.cmu.ri.createlab.usb.hid.windows.WindowsHIDDevice.write([B)Ledu/cmu/ri/createlab/usb/hid/HIDWriteStatus; (595 bytes) @ 0x00000000035e9c0c [0x00000000035e81c0+0x1a4c]
J 989 C1 edu.cmu.ri.createlab.usb.hid.CreateLabHIDCommandStrategy.execute(Ledu/cmu/ri/createlab/usb/hid/HIDDevice;)Ledu/cmu/ri/createlab/usb/hid/HIDCommandResponse; (484 bytes) @ 0x00000000035f740c [0x00000000035f7180+0x28c]
J 986 C1 edu.cmu.ri.createlab.usb.hid.HIDCommand.call()Ljava/lang/Object; (5 bytes) @ 0x00000000035f5bbc [0x00000000035f5900+0x2bc]
J 985 C1 java.util.concurrent.FutureTask.run()V (126 bytes) @ 0x00000000035e6c8c [0x00000000035e6a40+0x24c]
j  java.util.concurrent.ThreadPoolExecutor.runWorker(Ljava/util/concurrent/ThreadPoolExecutor$Worker;)V+95
j  java.util.concurrent.ThreadPoolExecutor$Worker.run()V+5
j  java.lang.Thread.run()V+11
v  ~StubRoutines::call_stub

---------------  P R O C E S S  ---------------

Java Threads: ( => current thread )
  0x000000001a3f5000 JavaThread "AWT-Shutdown" [_thread_blocked, id=12540, stack(0x000000001e340000,0x000000001e440000)]
  0x000000001a3ef000 JavaThread "Thread-1" daemon [_thread_in_native, id=7956, stack(0x000000001e140000,0x000000001e240000)]
=>0x000000001b294000 JavaThread "HIDCommandExecutionQueue.executor pool-5-thread-1" daemon [_thread_in_vm, id=11136, stack(0x000000001cf40000,0x000000001d040000)]
  0x000000001b293000 JavaThread "FinchController.peerPingScheduler pool-6-thread-1" daemon [_thread_blocked, id=7920, stack(0x000000001ce40000,0x000000001cf40000)]
  0x000000001b202800 JavaThread "BaseCreateLabDeviceConnectivityManager.executorService pool-1-thread-1" daemon [_thread_blocked, id=5392, stack(0x000000001c800000,0x000000001c900000)]
  0x000000001b1fd000 JavaThread "DatasetPlotter.executorService pool-4-thread-1" daemon [_thread_blocked, id=8868, stack(0x000000001c700000,0x000000001c800000)]
  0x000000001b1fc800 JavaThread "DatasetPlotter.executorService pool-3-thread-1" daemon [_thread_blocked, id=13372, stack(0x000000001c600000,0x000000001c700000)]
  0x000000001b1fc000 JavaThread "DatasetPlotter.executorService pool-2-thread-1" daemon [_thread_blocked, id=11600, stack(0x000000001c500000,0x000000001c600000)]
  0x000000001b151000 JavaThread "Java2D Disposer" daemon [_thread_blocked, id=10828, stack(0x000000001b880000,0x000000001b980000)]
  0x000000001a1f0000 JavaThread "Service Thread" daemon [_thread_blocked, id=14224, stack(0x000000001ad40000,0x000000001ae40000)]
  0x000000001a172000 JavaThread "C1 CompilerThread3" daemon [_thread_blocked, id=16484, stack(0x000000001ac40000,0x000000001ad40000)]
  0x000000001a166000 JavaThread "C2 CompilerThread2" daemon [_thread_blocked, id=2484, stack(0x000000001ab40000,0x000000001ac40000)]
  0x000000001a162000 JavaThread "C2 CompilerThread1" daemon [_thread_blocked, id=15388, stack(0x000000001aa40000,0x000000001ab40000)]
  0x000000001a15a800 JavaThread "C2 CompilerThread0" daemon [_thread_blocked, id=18616, stack(0x000000001a940000,0x000000001aa40000)]
  0x000000001a159000 JavaThread "Attach Listener" daemon [_thread_blocked, id=11020, stack(0x000000001a840000,0x000000001a940000)]
  0x000000001826e000 JavaThread "Signal Dispatcher" daemon [_thread_blocked, id=12960, stack(0x000000001a740000,0x000000001a840000)]
  0x0000000003259000 JavaThread "Finalizer" daemon [_thread_blocked, id=16764, stack(0x000000001a530000,0x000000001a630000)]
  0x0000000003257800 JavaThread "Reference Handler" daemon [_thread_blocked, id=15608, stack(0x000000001a030000,0x000000001a130000)]
  0x0000000000fce000 JavaThread "main" [_thread_blocked, id=5096, stack(0x0000000003060000,0x0000000003160000)]

Other Threads:
  0x0000000018259000 VMThread [stack: 0x0000000019f30000,0x000000001a030000] [id=19028]
  0x000000001a20a000 WatcherThread [stack: 0x000000001ae40000,0x000000001af40000] [id=18028]

VM state:synchronizing (normal execution)

VM Mutex/Monitor currently owned by a thread:  ([mutex/lock_event])
[0x0000000000fcceb0] Threads_lock - owner thread: 0x0000000018259000

heap address: 0x0000000081400000, size: 2028 MB, Compressed Oops mode: 32-bit
Narrow klass base: 0x0000000000000000, Narrow klass shift: 3
Compressed class space size: 1073741824 Address: 0x0000000100000000

Heap:
 PSYoungGen      total 38400K, used 22652K [0x00000000d5c00000, 0x00000000d8680000, 0x0000000100000000)
  eden space 33280K, 68% used [0x00000000d5c00000,0x00000000d721f3f8,0x00000000d7c80000)
  from space 5120K, 0% used [0x00000000d8180000,0x00000000d8180000,0x00000000d8680000)
  to   space 5120K, 0% used [0x00000000d7c80000,0x00000000d7c80000,0x00000000d8180000)
 ParOldGen       total 87552K, used 0K [0x0000000081400000, 0x0000000086980000, 0x00000000d5c00000)
  object space 87552K, 0% used [0x0000000081400000,0x0000000081400000,0x0000000086980000)
 Metaspace       used 14230K, capacity 14418K, committed 14720K, reserved 1062912K
  class space    used 1797K, capacity 1890K, committed 1920K, reserved 1048576K

Card table byte_map: [0x0000000012630000,0x0000000012a30000] byte_map_base: 0x0000000012226000

Marking Bits: (ParMarkBitMap*) 0x0000000056705ce0
 Begin Bits: [0x00000000134e0000, 0x0000000015490000)
 End Bits:   [0x0000000015490000, 0x0000000017440000)

Polling page: 0x0000000001450000

CodeCache: size=245760Kb used=3734Kb max_used=3742Kb free=242025Kb
 bounds [0x0000000003270000, 0x0000000003620000, 0x0000000012270000]
 total_blobs=1533 nmethods=1011 adapters=435
 compilation: enabled

Compilation events (10 events):
Event: 49.192 Thread 0x000000001a166000 1011       4       java.lang.Integer::hashCode (8 bytes)
Event: 49.193 Thread 0x000000001a166000 nmethod 1011 0x0000000003585410 code [0x0000000003585540, 0x0000000003585598]
Event: 49.488 Thread 0x000000001a162000 1012       4       java.lang.ThreadLocal::get (38 bytes)
Event: 49.494 Thread 0x000000001a162000 nmethod 1012 0x000000000360ced0 code [0x000000000360d020, 0x000000000360d178]
Event: 49.577 Thread 0x000000001a172000 1013       3       java.io.BufferedWriter::ensureOpen (18 bytes)
Event: 49.578 Thread 0x000000001a172000 nmethod 1013 0x000000000360ca50 code [0x000000000360cbc0, 0x000000000360ce08]
Event: 49.578 Thread 0x000000001a172000 1014       1       sun.nio.cs.StreamEncoder::isOpen (5 bytes)
Event: 49.578 Thread 0x000000001a172000 nmethod 1014 0x000000000360c790 code [0x000000000360c8e0, 0x000000000360c9f0]
Event: 49.578 Thread 0x000000001a172000 1015       3       java.io.PrintStream::ensureOpen (18 bytes)
Event: 49.579 Thread 0x000000001a172000 nmethod 1015 0x000000000360c310 code [0x000000000360c480, 0x000000000360c6c8]

GC Heap History (0 events):
No events

Deoptimization events (7 events):
Event: 3.512 Thread 0x0000000000fce000 Uncommon trap: reason=unstable_if action=reinterpret pc=0x00000000033a8f68 method=java.lang.String.startsWith(Ljava/lang/String;I)Z @ 25
Event: 5.740 Thread 0x0000000000fce000 Uncommon trap: reason=unstable_if action=reinterpret pc=0x0000000003440cf8 method=java.lang.String.<init>([CII)V @ 18
Event: 6.500 Thread 0x0000000000fce000 Uncommon trap: reason=unstable_if action=reinterpret pc=0x00000000034eeabc method=java.util.HashMap.hash(Ljava/lang/Object;)I @ 1
Event: 20.390 Thread 0x000000001b0db800 Uncommon trap: reason=class_check action=maybe_recompile pc=0x0000000003437b94 method=java.lang.String.equals(Ljava/lang/Object;)Z @ 8
Event: 20.390 Thread 0x000000001b0db800 Uncommon trap: reason=class_check action=maybe_recompile pc=0x0000000003437b94 method=java.lang.String.equals(Ljava/lang/Object;)Z @ 8
Event: 20.390 Thread 0x000000001b0db800 Uncommon trap: reason=class_check action=maybe_recompile pc=0x0000000003437b94 method=java.lang.String.equals(Ljava/lang/Object;)Z @ 8
Event: 34.304 Thread 0x000000001b294000 Uncommon trap: reason=null_check action=make_not_entrant pc=0x0000000003613788 method=com.sun.jna.Function.invoke(Ljava/lang/Class;[Ljava/lang/Object;Ljava/util/Map;)Ljava/lang/Object; @ 152

Classes redefined (0 events):
No events

Internal exceptions (10 events):
Event: 1.745 Thread 0x0000000000fce000 Exception <a 'java/lang/ClassNotFoundException': org/apache/log4j/FileAppenderCustomizer> (0x00000000d5ef36f0) thrown at [C:\re\workspace\8-2-build-windows-amd64-cygwin\jdk8u221\13320\hotspot\src\share\vm\classfile\systemDictionary.cpp, line 210]
Event: 1.775 Thread 0x0000000000fce000 Exception <a 'java/lang/ClassNotFoundException': org/apache/log4j/PatternLayoutBeanInfo> (0x00000000d5f49990) thrown at [C:\re\workspace\8-2-build-windows-amd64-cygwin\jdk8u221\13320\hotspot\src\share\vm\classfile\systemDictionary.cpp, line 210]
Event: 1.776 Thread 0x0000000000fce000 Exception <a 'java/lang/ClassNotFoundException': org/apache/log4j/LayoutBeanInfo> (0x00000000d5f4c980) thrown at [C:\re\workspace\8-2-build-windows-amd64-cygwin\jdk8u221\13320\hotspot\src\share\vm\classfile\systemDictionary.cpp, line 210]
Event: 1.777 Thread 0x0000000000fce000 Exception <a 'java/lang/ClassNotFoundException': org/apache/log4j/LayoutCustomizer> (0x00000000d5f4f800) thrown at [C:\re\workspace\8-2-build-windows-amd64-cygwin\jdk8u221\13320\hotspot\src\share\vm\classfile\systemDictionary.cpp, line 210]
Event: 1.780 Thread 0x0000000000fce000 Exception <a 'java/lang/ClassNotFoundException': org/apache/log4j/PatternLayoutCustomizer> (0x00000000d5f56ec0) thrown at [C:\re\workspace\8-2-build-windows-amd64-cygwin\jdk8u221\13320\hotspot\src\share\vm\classfile\systemDictionary.cpp, line 210]
Event: 3.048 Thread 0x0000000000fce000 Exception <a 'java/io/FileNotFoundException'> (0x00000000d6030a70) thrown at [C:\re\workspace\8-2-build-windows-amd64-cygwin\jdk8u221\13320\hotspot\src\share\vm\prims\jni.cpp, line 710]
Event: 3.196 Thread 0x0000000000fce000 Exception <a 'java/lang/NoSuchFieldError': method resolution failed> (0x00000000d61025e0) thrown at [C:\re\workspace\8-2-build-windows-amd64-cygwin\jdk8u221\13320\hotspot\src\share\vm\prims\methodHandles.cpp, line 1167]
Event: 3.199 Thread 0x0000000000fce000 Exception <a 'java/lang/NoSuchFieldError': method resolution failed> (0x00000000d610f900) thrown at [C:\re\workspace\8-2-build-windows-amd64-cygwin\jdk8u221\13320\hotspot\src\share\vm\prims\methodHandles.cpp, line 1167]
Event: 3.484 Thread 0x0000000000fce000 Exception <a 'java/io/FileNotFoundException'> (0x00000000d629eb68) thrown at [C:\re\workspace\8-2-build-windows-amd64-cygwin\jdk8u221\13320\hotspot\src\share\vm\prims\jni.cpp, line 710]
Event: 6.499 Thread 0x0000000000fce000 Implicit null exception at 0x00000000034ee8d5 to 0x00000000034eeaad

Events (10 events):
Event: 34.304 Thread 0x000000001b294000 Uncommon trap: trap_request=0xfffffff4 fr.pc=0x0000000003613788
Event: 34.304 Thread 0x000000001b294000 DEOPT PACKING pc=0x0000000003613788 sp=0x000000001d03e550
Event: 34.304 Thread 0x000000001b294000 DEOPT UNPACKING pc=0x00000000032b583b sp=0x000000001d03e4c0 mode 2
Event: 49.578 Thread 0x000000001a3ef000 Thread added: 0x000000001a3ef000
Event: 49.578 Thread 0x000000001a3ef800 Thread added: 0x000000001a3ef800
Event: 49.578 Thread 0x000000001a3f2800 Thread added: 0x000000001a3f2800
Event: 49.579 Thread 0x000000001a3f2800 Thread exited: 0x000000001a3f2800
Event: 49.579 Thread 0x000000001a3f5000 Thread added: 0x000000001a3f5000
Event: 49.582 loading class java/lang/ProcessBuilder
Event: 49.593 Thread 0x000000001b186000 Thread exited: 0x000000001b186000


Dynamic libraries:
0x00007ff656c00000 - 0x00007ff656c37000 	C:\Program Files\Java\jre1.8.0_221\bin\javaw.exe
0x00007ffd9bce0000 - 0x00007ffd9bed0000 	C:\WINDOWS\SYSTEM32\ntdll.dll
0x00007ffd9ad70000 - 0x00007ffd9ae22000 	C:\WINDOWS\System32\KERNEL32.DLL
0x00007ffd98c70000 - 0x00007ffd98f13000 	C:\WINDOWS\System32\KERNELBASE.dll
0x00007ffd9a220000 - 0x00007ffd9a2c3000 	C:\WINDOWS\System32\ADVAPI32.dll
0x00007ffd9a540000 - 0x00007ffd9a5de000 	C:\WINDOWS\System32\msvcrt.dll
0x00007ffd99f90000 - 0x00007ffd9a027000 	C:\WINDOWS\System32\sechost.dll
0x00007ffd9a030000 - 0x00007ffd9a150000 	C:\WINDOWS\System32\RPCRT4.dll
0x00007ffd9b210000 - 0x00007ffd9b3a4000 	C:\WINDOWS\System32\USER32.dll
0x00007ffd99070000 - 0x00007ffd99091000 	C:\WINDOWS\System32\win32u.dll
0x00007ffd9ad40000 - 0x00007ffd9ad66000 	C:\WINDOWS\System32\GDI32.dll
0x00007ffd991f0000 - 0x00007ffd99384000 	C:\WINDOWS\System32\gdi32full.dll
0x00007ffd99150000 - 0x00007ffd991ee000 	C:\WINDOWS\System32\msvcp_win.dll
0x00007ffd994e0000 - 0x00007ffd995da000 	C:\WINDOWS\System32\ucrtbase.dll
0x00007ffd85ee0000 - 0x00007ffd86165000 	C:\WINDOWS\WinSxS\amd64_microsoft.windows.common-controls_6595b64144ccf1df_6.0.18362.720_none_e6beb5c51314836b\COMCTL32.dll
0x00007ffd9aed0000 - 0x00007ffd9b206000 	C:\WINDOWS\System32\combase.dll
0x00007ffd98f80000 - 0x00007ffd99000000 	C:\WINDOWS\System32\bcryptPrimitives.dll
0x00007ffd9aea0000 - 0x00007ffd9aece000 	C:\WINDOWS\System32\IMM32.DLL
0x0000000055e00000 - 0x0000000055ed2000 	C:\Program Files\Java\jre1.8.0_221\bin\msvcr100.dll
0x0000000055ee0000 - 0x0000000056785000 	C:\Program Files\Java\jre1.8.0_221\bin\server\jvm.dll
0x00007ffd9a340000 - 0x00007ffd9a348000 	C:\WINDOWS\System32\PSAPI.DLL
0x00007ffd961b0000 - 0x00007ffd961d4000 	C:\WINDOWS\SYSTEM32\WINMM.dll
0x00007ffd842a0000 - 0x00007ffd842a9000 	C:\WINDOWS\SYSTEM32\WSOCK32.dll
0x00007ffd90d00000 - 0x00007ffd90d0a000 	C:\WINDOWS\SYSTEM32\VERSION.dll
0x00007ffd9a2d0000 - 0x00007ffd9a33f000 	C:\WINDOWS\System32\WS2_32.dll
0x00007ffd95960000 - 0x00007ffd9598d000 	C:\WINDOWS\SYSTEM32\winmmbase.dll
0x00007ffd99000000 - 0x00007ffd9904a000 	C:\WINDOWS\System32\cfgmgr32.dll
0x00007ffd8ade0000 - 0x00007ffd8adef000 	C:\Program Files\Java\jre1.8.0_221\bin\verify.dll
0x00007ffd8adb0000 - 0x00007ffd8add9000 	C:\Program Files\Java\jre1.8.0_221\bin\java.dll
0x00007ffd75910000 - 0x00007ffd75926000 	C:\Program Files\Java\jre1.8.0_221\bin\zip.dll
0x00007ffd9a5e0000 - 0x00007ffd9acc5000 	C:\WINDOWS\System32\SHELL32.dll
0x00007ffd9a170000 - 0x00007ffd9a219000 	C:\WINDOWS\System32\shcore.dll
0x00007ffd99610000 - 0x00007ffd99d90000 	C:\WINDOWS\System32\windows.storage.dll
0x00007ffd98bb0000 - 0x00007ffd98bd3000 	C:\WINDOWS\System32\profapi.dll
0x00007ffd98c20000 - 0x00007ffd98c6a000 	C:\WINDOWS\System32\powrprof.dll
0x00007ffd98ba0000 - 0x00007ffd98bb0000 	C:\WINDOWS\System32\UMPDC.dll
0x00007ffd9acd0000 - 0x00007ffd9ad22000 	C:\WINDOWS\System32\shlwapi.dll
0x00007ffd98be0000 - 0x00007ffd98bf1000 	C:\WINDOWS\System32\kernel.appcore.dll
0x00007ffd99050000 - 0x00007ffd99067000 	C:\WINDOWS\System32\cryptsp.dll
0x00007ffd4ab20000 - 0x00007ffd4acb9000 	C:\Program Files\Java\jre1.8.0_221\bin\awt.dll
0x00007ffd9b3b0000 - 0x00007ffd9b474000 	C:\WINDOWS\System32\OLEAUT32.dll
0x00007ffd96a60000 - 0x00007ffd96aef000 	C:\WINDOWS\SYSTEM32\apphelp.dll
0x00007ffd96e60000 - 0x00007ffd96ef9000 	C:\WINDOWS\system32\uxtheme.dll
0x00007ffd99e50000 - 0x00007ffd99f86000 	C:\WINDOWS\System32\MSCTF.dll
0x00007ffd9a3e0000 - 0x00007ffd9a537000 	C:\WINDOWS\System32\ole32.dll
0x00007ffd97010000 - 0x00007ffd9703d000 	C:\WINDOWS\system32\DWMAPI.DLL
0x00007ffd97f20000 - 0x00007ffd97f53000 	C:\WINDOWS\system32\rsaenh.dll
0x00007ffd995e0000 - 0x00007ffd99606000 	C:\WINDOWS\System32\bcrypt.dll
0x00007ffd98a90000 - 0x00007ffd98ab5000 	C:\WINDOWS\SYSTEM32\USERENV.dll
0x00007ffd985e0000 - 0x00007ffd985ec000 	C:\WINDOWS\SYSTEM32\CRYPTBASE.dll
0x00007ffd93b70000 - 0x00007ffd93b8a000 	C:\Program Files\Java\jre1.8.0_221\bin\net.dll
0x00007ffd867f0000 - 0x00007ffd869c5000 	C:\WINDOWS\SYSTEM32\urlmon.dll
0x00007ffd87260000 - 0x00007ffd87506000 	C:\WINDOWS\SYSTEM32\iertutil.dll
0x00007ffd98410000 - 0x00007ffd98477000 	C:\WINDOWS\system32\mswsock.dll
0x00007ffd98120000 - 0x00007ffd9815a000 	C:\WINDOWS\SYSTEM32\IPHLPAPI.DLL
0x00007ffd9a3d0000 - 0x00007ffd9a3d8000 	C:\WINDOWS\System32\NSI.dll
0x00007ffd973c0000 - 0x00007ffd973d6000 	C:\WINDOWS\SYSTEM32\dhcpcsvc6.DLL
0x00007ffd973a0000 - 0x00007ffd973bc000 	C:\WINDOWS\SYSTEM32\dhcpcsvc.DLL
0x00007ffd981c0000 - 0x00007ffd9828a000 	C:\WINDOWS\SYSTEM32\DNSAPI.dll
0x00007ffd93b50000 - 0x00007ffd93b62000 	C:\Program Files\Java\jre1.8.0_221\bin\nio.dll
0x0000000180000000 - 0x0000000180037000 	C:\Users\User\AppData\Local\Temp\jna3189277067485373474.dll
0x00007ffd977b0000 - 0x00007ffd977be000 	C:\WINDOWS\SYSTEM32\hid.dll
0x00007ffd9b830000 - 0x00007ffd9bca0000 	C:\WINDOWS\System32\setupapi.dll
0x00007ffd98800000 - 0x00007ffd9882a000 	C:\WINDOWS\System32\DEVOBJ.dll
0x00007ffd98f20000 - 0x00007ffd98f7c000 	C:\WINDOWS\System32\WINTRUST.dll
0x00007ffd98c00000 - 0x00007ffd98c12000 	C:\WINDOWS\System32\MSASN1.dll
0x00007ffd99390000 - 0x00007ffd994d9000 	C:\WINDOWS\System32\CRYPT32.dll
0x00007ffd85220000 - 0x00007ffd85269000 	C:\Program Files\Java\jre1.8.0_221\bin\fontmanager.dll
0x00007ffd6f060000 - 0x00007ffd6f1b6000 	C:\WINDOWS\system32\opengl32.dll
0x00007ffd81330000 - 0x00007ffd8135c000 	C:\WINDOWS\SYSTEM32\GLU32.dll
0x00007ffd97810000 - 0x00007ffd97830000 	C:\WINDOWS\SYSTEM32\dxcore.dll
0x00007ffd55390000 - 0x00007ffd553d2000 	C:\Program Files\Java\jre1.8.0_221\bin\t2k.dll
0x00007ffd8b4e0000 - 0x00007ffd8b57e000 	C:\WINDOWS\System32\TextInputFramework.dll
0x00007ffd96900000 - 0x00007ffd969d4000 	C:\WINDOWS\System32\CoreMessaging.dll
0x00007ffd92cf0000 - 0x00007ffd9301a000 	C:\WINDOWS\System32\CoreUIComponents.dll
0x00007ffd97bd0000 - 0x00007ffd97c01000 	C:\WINDOWS\SYSTEM32\ntmarta.dll
0x00007ffd93cc0000 - 0x00007ffd93e13000 	C:\WINDOWS\SYSTEM32\wintypes.dll
0x00007ffd974b0000 - 0x00007ffd976a4000 	C:\WINDOWS\SYSTEM32\dbghelp.dll

VM Arguments:
jvm_args: -Dfile.encoding=Cp1252 
java_command: Main
java_class_path (initial): C:\Users\User\workspace\GroupProject3\bin;C:\Users\User\Desktop\University Resources\London Brunel International College (LBIC)\NC1600B - Group Project (Semester 2)\Finch Java Resources\SourceFiles\finch.jar
Launcher Type: SUN_STANDARD

Environment Variables:
PATH=C:/Program Files/Java/jre1.8.0_221/bin/server;C:/Program Files/Java/jre1.8.0_221/bin;C:/Program Files/Java/jre1.8.0_221/lib/amd64;C:\Program Files (x86)\Common Files\Oracle\Java\javapath;C:\Program Files (x86)\Intel\iCLS Client\;C:\Program Files\Intel\iCLS Client\;C:\windows\system32;C:\windows;C:\windows\System32\Wbem;C:\windows\System32\WindowsPowerShell\v1.0\;C:\Program Files (x86)\NVIDIA Corporation\PhysX\Common;C:\Program Files (x86)\Windows Live\Shared;C:\WINDOWS\system32;C:\WINDOWS;C:\WINDOWS\System32\Wbem;C:\WINDOWS\System32\WindowsPowerShell\v1.0\;C:\WINDOWS\System32\OpenSSH\;C:\Program Files (x86)\Intel\Intel(R) Management Engine Components\DAL;C:\Program Files\Intel\Intel(R) Management Engine Components\DAL;C:\Program Files (x86)\Intel\Intel(R) Management Engine Components\IPT;C:\Program Files\Intel\Intel(R) Management Engine Components\IPT;C:\Program Files\Intel\WiFi\bin\;C:\Program Files\Common Files\Intel\WirelessCommon\;C:\Program Files\Git\cmd;C:\Users\User\AppData\Local\Programs\Python\Python37-32\Scripts\;C:\Users\User\AppData\Local\Programs\Python\Python37-32\;C:\Users\User\AppData\Local\Microsoft\WindowsApps;C:\Program Files\Intel\WiFi\bin\;C:\Program Files\Common Files\Intel\WirelessCommon\;C:\Users\User\AppData\Local\GitHubDesktop\bin;%USERPROFILE%\AppData\Local\Microsoft\WindowsApps;;C:\Users\User\Desktop\University Resources\London Brunel International College (LBIC)\NC1601A - Introductory Programming (Semester 1)\eclipse;
USERNAME=User
OS=Windows_NT
PROCESSOR_IDENTIFIER=Intel64 Family 6 Model 142 Stepping 10, GenuineIntel



---------------  S Y S T E M  ---------------

OS: Windows 10.0 , 64 bit Build 18362 (10.0.18362.329)

CPU:total 8 (initial active 8) (4 cores per cpu, 2 threads per core) family 6 model 142 stepping 10, cmov, cx8, fxsr, mmx, sse, sse2, sse3, ssse3, sse4.1, sse4.2, popcnt, avx, avx2, aes, clmul, erms, 3dnowpref, lzcnt, ht, tsc, tscinvbit, bmi1, bmi2, adx

Memory: 4k page, physical 8303524k(2709536k free), swap 13276672k(4909520k free)

vm_info: Java HotSpot(TM) 64-Bit Server VM (25.221-b11) for windows-amd64 JRE (1.8.0_221-b11), built on Jul  4 2019 04:39:29 by "java_re" with MS VC++ 10.0 (VS2010)

time: Sat Mar 21 16:50:06 2020
timezone: GMT Standard Time
elapsed time: 49 seconds (0d 0h 0m 49s)

